{"C:\\Users\\intel\\Projects\\Bot-Management-System-main\\ng22-frontend\\src\\app\\app.component.html": {"path":"C:\\Users\\intel\\Projects\\Bot-Management-System-main\\ng22-frontend\\src\\app\\app.component.html","statementMap":{"0":{"start":{"line":1,"column":0},"end":{"line":1,"column":null}}},"fnMap":{},"branchMap":{},"s":{"0":1},"f":{},"b":{},"meta":{"lastBranch":0,"lastFunction":0,"lastStatement":1,"seen":{"s:1:0:1:Infinity":0},"fnNames":{}}}
,"C:\\Users\\intel\\Projects\\Bot-Management-System-main\\ng22-frontend\\src\\app\\app.component.ts": {"path":"C:\\Users\\intel\\Projects\\Bot-Management-System-main\\ng22-frontend\\src\\app\\app.component.ts","statementMap":{"0":{"start":{"line":1,"column":0},"end":{"line":11,"column":null}},"1":{"start":{"line":11,"column":13},"end":{"line":7,"column":25}},"2":{"start":{"line":11,"column":13},"end":{"line":11,"column":null}},"3":{"start":{"line":11,"column":25},"end":{"line":1,"column":null}},"4":{"start":{"line":11,"column":13},"end":{"line":7,"column":null}}},"fnMap":{"0":{"name":"template","decl":{"start":{"line":11,"column":25},"end":{"line":11,"column":null}},"loc":{"start":{"line":11,"column":25},"end":{"line":7,"column":24}},"line":11}},"branchMap":{"0":{"loc":{"start":{"line":11,"column":13},"end":{"line":11,"column":25}},"type":"binary-expr","locations":[{"start":{"line":11,"column":13},"end":{"line":11,"column":25}},{"start":{"line":11,"column":13},"end":{"line":11,"column":25}}],"line":11},"1":{"loc":{"start":{"line":11,"column":25},"end":{"line":1,"column":null}},"type":"if","locations":[{"start":{"line":11,"column":25},"end":{"line":1,"column":null}},{"start":{},"end":{}}],"line":11},"2":{"loc":{"start":{"line":11,"column":13},"end":{"line":7,"column":null}},"type":"binary-expr","locations":[{"start":{"line":11,"column":13},"end":{"line":11,"column":25}},{"start":{"line":11,"column":13},"end":{"line":11,"column":25}},{"start":{"line":11,"column":13},"end":{"line":7,"column":null}}],"line":11},"3":{"loc":{"start":{"line":11,"column":13},"end":{"line":11,"column":null}},"type":"binary-expr","locations":[{"start":{"line":11,"column":13},"end":{"line":11,"column":25}},{"start":{"line":11,"column":13},"end":{"line":11,"column":25}},{"start":{"line":11,"column":13},"end":{"line":11,"column":null}}],"line":11}},"s":{"0":1,"1":1,"2":1,"3":1,"4":1},"f":{"0":1},"b":{"0":[1,1],"1":[1,0],"2":[1,1,1],"3":[1,1,1]},"meta":{"lastBranch":4,"lastFunction":1,"lastStatement":5,"seen":{"s:1:0:11:Infinity":0,"s:11:13:7:25":1,"s:11:13:11:Infinity":2,"b:11:13:11:25:11:13:11:25":0,"f:11:25:11:Infinity":0,"b:11:25:1:Infinity:undefined:undefined:undefined:undefined":1,"s:11:25:1:Infinity":3,"s:11:13:7:Infinity":4,"b:11:13:11:25:11:13:11:25:11:13:7:Infinity":2,"b:11:13:11:25:11:13:11:25:11:13:11:Infinity":3},"fnNames":{}}}
,"C:\\Users\\intel\\Projects\\Bot-Management-System-main\\ng22-frontend\\src\\app\\components\\sidebar\\sidebar.component.html": {"path":"C:\\Users\\intel\\Projects\\Bot-Management-System-main\\ng22-frontend\\src\\app\\components\\sidebar\\sidebar.component.html","statementMap":{"0":{"start":{"line":8,"column":6},"end":{"line":8,"column":30}},"1":{"start":{"line":8,"column":30},"end":{"line":8,"column":41}},"2":{"start":{"line":8,"column":41},"end":{"line":8,"column":null}},"3":{"start":{"line":18,"column":4},"end":{"line":18,"column":28}},"4":{"start":{"line":18,"column":48},"end":{"line":18,"column":52}},"5":{"start":{"line":18,"column":52},"end":{"line":18,"column":null}},"6":{"start":{"line":28,"column":10},"end":{"line":28,"column":16}},"7":{"start":{"line":28,"column":16},"end":{"line":28,"column":32}},"8":{"start":{"line":28,"column":32},"end":{"line":28,"column":null}},"9":{"start":{"line":20,"column":6},"end":{"line":25,"column":null}},"10":{"start":{"line":26,"column":18},"end":{"line":26,"column":33}},"11":{"start":{"line":26,"column":33},"end":{"line":26,"column":null}},"12":{"start":{"line":27,"column":8},"end":{"line":27,"column":null}},"13":{"start":{"line":30,"column":6},"end":{"line":30,"column":null}},"14":{"start":{"line":21,"column":9},"end":{"line":23,"column":null}},"15":{"start":{"line":39,"column":8},"end":{"line":39,"column":39}},"16":{"start":{"line":39,"column":39},"end":{"line":39,"column":null}},"17":{"start":{"line":39,"column":39},"end":{"line":39,"column":48}},"18":{"start":{"line":40,"column":10},"end":{"line":40,"column":20}},"19":{"start":{"line":40,"column":20},"end":{"line":40,"column":39}},"20":{"start":{"line":40,"column":39},"end":{"line":40,"column":null}},"21":{"start":{"line":41,"column":10},"end":{"line":41,"column":38}},"22":{"start":{"line":41,"column":38},"end":{"line":41,"column":55}},"23":{"start":{"line":41,"column":55},"end":{"line":41,"column":null}},"24":{"start":{"line":36,"column":4},"end":{"line":36,"column":null}},"25":{"start":{"line":37,"column":29},"end":{"line":37,"column":36}},"26":{"start":{"line":37,"column":36},"end":{"line":37,"column":null}},"27":{"start":{"line":38,"column":6},"end":{"line":38,"column":12}},"28":{"start":{"line":44,"column":4},"end":{"line":44,"column":null}},"29":{"start":{"line":38,"column":6},"end":{"line":38,"column":null}},"30":{"start":{"line":52,"column":8},"end":{"line":52,"column":null}},"31":{"start":{"line":53,"column":33},"end":{"line":53,"column":56}},"32":{"start":{"line":53,"column":56},"end":{"line":53,"column":null}},"33":{"start":{"line":54,"column":10},"end":{"line":54,"column":34}},"34":{"start":{"line":54,"column":34},"end":{"line":54,"column":58}},"35":{"start":{"line":54,"column":58},"end":{"line":54,"column":null}},"36":{"start":{"line":1,"column":0},"end":{"line":4,"column":null}},"37":{"start":{"line":5,"column":16},"end":{"line":5,"column":25}},"38":{"start":{"line":5,"column":25},"end":{"line":5,"column":null}},"39":{"start":{"line":7,"column":4},"end":{"line":7,"column":null}},"40":{"start":{"line":10,"column":4},"end":{"line":10,"column":49}},"41":{"start":{"line":10,"column":49},"end":{"line":10,"column":null}},"42":{"start":{"line":10,"column":49},"end":{"line":10,"column":74}},"43":{"start":{"line":12,"column":6},"end":{"line":12,"column":16}},"44":{"start":{"line":12,"column":16},"end":{"line":12,"column":68}},"45":{"start":{"line":12,"column":68},"end":{"line":13,"column":null}},"46":{"start":{"line":17,"column":2},"end":{"line":17,"column":null}},"47":{"start":{"line":19,"column":4},"end":{"line":19,"column":null}},"48":{"start":{"line":32,"column":2},"end":{"line":32,"column":null}},"49":{"start":{"line":35,"column":2},"end":{"line":35,"column":null}},"50":{"start":{"line":48,"column":2},"end":{"line":49,"column":null}},"51":{"start":{"line":50,"column":31},"end":{"line":50,"column":48}},"52":{"start":{"line":50,"column":48},"end":{"line":50,"column":null}},"53":{"start":{"line":51,"column":6},"end":{"line":51,"column":null}},"54":{"start":{"line":57,"column":4},"end":{"line":57,"column":null}},"55":{"start":{"line":58,"column":4},"end":{"line":58,"column":28}},"56":{"start":{"line":58,"column":28},"end":{"line":58,"column":null}},"57":{"start":{"line":58,"column":28},"end":{"line":58,"column":45}},"58":{"start":{"line":59,"column":6},"end":{"line":59,"column":16}},"59":{"start":{"line":59,"column":16},"end":{"line":59,"column":22}},"60":{"start":{"line":59,"column":22},"end":{"line":61,"column":null}},"61":{"start":{"line":1,"column":23},"end":{"line":1,"column":55}},"62":{"start":{"line":11,"column":12},"end":{"line":11,"column":null}},"63":{"start":{"line":18,"column":28},"end":{"line":18,"column":48}},"64":{"start":{"line":49,"column":28},"end":{"line":49,"column":65}}},"fnMap":{"0":{"name":"SidebarComponent_Conditional_13_For_4_Template_div_click_0_listener","decl":{"start":{"line":39,"column":39},"end":{"line":39,"column":48}},"loc":{"start":{"line":39,"column":39},"end":{"line":39,"column":null}},"line":39},"1":{"name":"SidebarComponent_Template_button_click_6_listener","decl":{"start":{"line":10,"column":49},"end":{"line":10,"column":58}},"loc":{"start":{"line":10,"column":49},"end":{"line":10,"column":null}},"line":10},"2":{"name":"SidebarComponent_Template_button_click_19_listener","decl":{"start":{"line":58,"column":28},"end":{"line":58,"column":37}},"loc":{"start":{"line":58,"column":28},"end":{"line":58,"column":null}},"line":58}},"branchMap":{"0":{"loc":{"start":{"line":21,"column":34},"end":{"line":21,"column":null}},"type":"binary-expr","locations":[{"start":{"line":21,"column":34},"end":{"line":21,"column":null}},{"start":{"line":21,"column":34},"end":{"line":21,"column":null}}],"line":21},"1":{"loc":{"start":{"line":23,"column":67},"end":{"line":23,"column":null}},"type":"cond-expr","locations":[{"start":{"line":23,"column":67},"end":{"line":23,"column":null}},{"start":{"line":23,"column":67},"end":{"line":23,"column":null}}],"line":23},"2":{"loc":{"start":{"line":27,"column":8},"end":{"line":27,"column":null}},"type":"cond-expr","locations":[{"start":{"line":27,"column":8},"end":{"line":27,"column":null}},{"start":{"line":27,"column":8},"end":{"line":27,"column":null}}],"line":27},"3":{"loc":{"start":{"line":7,"column":4},"end":{"line":7,"column":null}},"type":"cond-expr","locations":[{"start":{"line":7,"column":4},"end":{"line":7,"column":null}},{"start":{"line":7,"column":4},"end":{"line":7,"column":null}}],"line":7},"4":{"loc":{"start":{"line":11,"column":12},"end":{"line":11,"column":null}},"type":"cond-expr","locations":[{"start":{"line":11,"column":12},"end":{"line":11,"column":null}},{"start":{"line":11,"column":12},"end":{"line":11,"column":null}}],"line":11},"5":{"loc":{"start":{"line":12,"column":16},"end":{"line":12,"column":68}},"type":"cond-expr","locations":[{"start":{"line":12,"column":16},"end":{"line":12,"column":68}},{"start":{"line":12,"column":16},"end":{"line":12,"column":68}}],"line":12},"6":{"loc":{"start":{"line":35,"column":2},"end":{"line":35,"column":null}},"type":"cond-expr","locations":[{"start":{"line":35,"column":2},"end":{"line":35,"column":null}},{"start":{"line":35,"column":2},"end":{"line":35,"column":null}}],"line":35},"7":{"loc":{"start":{"line":51,"column":6},"end":{"line":51,"column":null}},"type":"cond-expr","locations":[{"start":{"line":51,"column":6},"end":{"line":51,"column":null}},{"start":{"line":51,"column":6},"end":{"line":51,"column":null}}],"line":51}},"s":{"0":9,"1":9,"2":9,"3":9,"4":9,"5":9,"6":45,"7":45,"8":45,"9":45,"10":45,"11":45,"12":45,"13":45,"14":45,"15":8,"16":0,"17":0,"18":8,"19":8,"20":8,"21":8,"22":8,"23":8,"24":8,"25":8,"26":8,"27":8,"28":8,"29":8,"30":9,"31":9,"32":9,"33":9,"34":9,"35":9,"36":9,"37":9,"38":9,"39":9,"40":9,"41":9,"42":0,"43":9,"44":9,"45":9,"46":9,"47":9,"48":9,"49":9,"50":9,"51":9,"52":9,"53":9,"54":9,"55":9,"56":9,"57":0,"58":9,"59":9,"60":9,"61":9,"62":9,"63":9,"64":9},"f":{"0":0,"1":0,"2":0},"b":{"0":[45,36],"1":[0,45],"2":[45,0],"3":[9,0],"4":[0,9],"5":[0,9],"6":[17,9],"7":[9,0]},"meta":{"lastBranch":8,"lastFunction":3,"lastStatement":65,"seen":{"s:8:6:8:30":0,"s:8:30:8:41":1,"s:8:41:8:Infinity":2,"s:18:4:18:28":3,"s:18:48:18:52":4,"s:18:52:18:Infinity":5,"s:28:10:28:16":6,"s:28:16:28:32":7,"s:28:32:28:Infinity":8,"s:20:6:25:Infinity":9,"s:26:18:26:33":10,"s:26:33:26:Infinity":11,"s:27:8:27:Infinity":12,"s:30:6:30:Infinity":13,"s:21:9:23:Infinity":14,"b:21:34:21:Infinity:21:34:21:Infinity":0,"b:23:67:23:Infinity:23:67:23:Infinity":1,"b:27:8:27:Infinity:27:8:27:Infinity":2,"s:39:8:39:39":15,"s:39:39:39:Infinity":16,"f:39:39:39:48":0,"s:39:39:39:48":17,"s:40:10:40:20":18,"s:40:20:40:39":19,"s:40:39:40:Infinity":20,"s:41:10:41:38":21,"s:41:38:41:55":22,"s:41:55:41:Infinity":23,"s:36:4:36:Infinity":24,"s:37:29:37:36":25,"s:37:36:37:Infinity":26,"s:38:6:38:12":27,"s:44:4:44:Infinity":28,"s:38:6:38:Infinity":29,"s:52:8:52:Infinity":30,"s:53:33:53:56":31,"s:53:56:53:Infinity":32,"s:54:10:54:34":33,"s:54:34:54:58":34,"s:54:58:54:Infinity":35,"s:1:0:4:Infinity":36,"s:5:16:5:25":37,"s:5:25:5:Infinity":38,"s:7:4:7:Infinity":39,"s:10:4:10:49":40,"s:10:49:10:Infinity":41,"f:10:49:10:58":1,"s:10:49:10:74":42,"s:12:6:12:16":43,"s:12:16:12:68":44,"s:12:68:13:Infinity":45,"s:17:2:17:Infinity":46,"s:19:4:19:Infinity":47,"s:32:2:32:Infinity":48,"s:35:2:35:Infinity":49,"s:48:2:49:Infinity":50,"s:50:31:50:48":51,"s:50:48:50:Infinity":52,"s:51:6:51:Infinity":53,"s:57:4:57:Infinity":54,"s:58:4:58:28":55,"s:58:28:58:Infinity":56,"f:58:28:58:37":2,"s:58:28:58:45":57,"s:59:6:59:16":58,"s:59:16:59:22":59,"s:59:22:61:Infinity":60,"s:1:23:1:55":61,"b:7:4:7:Infinity:7:4:7:Infinity":3,"s:11:12:11:Infinity":62,"b:11:12:11:Infinity:11:12:11:Infinity":4,"b:12:16:12:68:12:16:12:68":5,"s:18:28:18:48":63,"b:35:2:35:Infinity:35:2:35:Infinity":6,"s:49:28:49:65":64,"b:51:6:51:Infinity:51:6:51:Infinity":7},"fnNames":{}}}
,"C:\\Users\\intel\\Projects\\Bot-Management-System-main\\ng22-frontend\\src\\app\\components\\sidebar\\sidebar.component.ts": {"path":"C:\\Users\\intel\\Projects\\Bot-Management-System-main\\ng22-frontend\\src\\app\\components\\sidebar\\sidebar.component.ts","statementMap":{"0":{"start":{"line":1,"column":0},"end":{"line":26,"column":null}},"1":{"start":{"line":26,"column":13},"end":{"line":21,"column":105}},"2":{"start":{"line":38,"column":22},"end":{"line":38,"column":54}},"3":{"start":{"line":39,"column":22},"end":{"line":39,"column":85}},"4":{"start":{"line":42,"column":12},"end":{"line":42,"column":null}},"5":{"start":{"line":43,"column":12},"end":{"line":43,"column":null}},"6":{"start":{"line":44,"column":12},"end":{"line":44,"column":26}},"7":{"start":{"line":27,"column":11},"end":{"line":32,"column":null}},"8":{"start":{"line":35,"column":2},"end":{"line":35,"column":null}},"9":{"start":{"line":36,"column":2},"end":{"line":36,"column":null}},"10":{"start":{"line":48,"column":4},"end":{"line":51,"column":null}},"11":{"start":{"line":49,"column":20},"end":{"line":49,"column":null}},"12":{"start":{"line":50,"column":19},"end":{"line":50,"column":null}},"13":{"start":{"line":55,"column":4},"end":{"line":55,"column":null}},"14":{"start":{"line":59,"column":4},"end":{"line":59,"column":null}},"15":{"start":{"line":63,"column":4},"end":{"line":63,"column":null}},"16":{"start":{"line":63,"column":31},"end":{"line":63,"column":33}},"17":{"start":{"line":26,"column":13},"end":{"line":26,"column":null}},"18":{"start":{"line":26,"column":29},"end":{"line":61,"column":null}},"19":{"start":{"line":26,"column":13},"end":{"line":24,"column":null}}},"fnMap":{"0":{"name":"currentUser","decl":{"start":{"line":38,"column":6},"end":{"line":38,"column":17}},"loc":{"start":{"line":38,"column":17},"end":{"line":38,"column":null}},"line":38},"1":{"name":"userInitial","decl":{"start":{"line":39,"column":6},"end":{"line":39,"column":17}},"loc":{"start":{"line":39,"column":17},"end":{"line":39,"column":null}},"line":39},"2":{"name":"constructor","decl":{"start":{"line":41,"column":2},"end":{"line":41,"column":null}},"loc":{"start":{"line":44,"column":26},"end":{"line":45,"column":null}},"line":44},"3":{"name":"ngOnInit","decl":{"start":{"line":47,"column":2},"end":{"line":47,"column":10}},"loc":{"start":{"line":47,"column":10},"end":{"line":52,"column":null}},"line":47},"4":{"name":"(anonymous_4)","decl":{"start":{"line":49,"column":12},"end":{"line":49,"column":20}},"loc":{"start":{"line":49,"column":20},"end":{"line":49,"column":null}},"line":49},"5":{"name":"(anonymous_5)","decl":{"start":{"line":50,"column":13},"end":{"line":50,"column":19}},"loc":{"start":{"line":50,"column":19},"end":{"line":50,"column":null}},"line":50},"6":{"name":"openChat","decl":{"start":{"line":54,"column":2},"end":{"line":54,"column":11}},"loc":{"start":{"line":54,"column":24},"end":{"line":56,"column":null}},"line":54},"7":{"name":"logout","decl":{"start":{"line":58,"column":2},"end":{"line":58,"column":8}},"loc":{"start":{"line":58,"column":8},"end":{"line":60,"column":null}},"line":58},"8":{"name":"toggleCollapse","decl":{"start":{"line":62,"column":2},"end":{"line":62,"column":16}},"loc":{"start":{"line":62,"column":16},"end":{"line":64,"column":null}},"line":62},"9":{"name":"(anonymous_9)","decl":{"start":{"line":63,"column":26},"end":{"line":63,"column":31}},"loc":{"start":{"line":63,"column":31},"end":{"line":63,"column":33}},"line":63},"10":{"name":"template","decl":{"start":{"line":26,"column":29},"end":{"line":26,"column":null}},"loc":{"start":{"line":26,"column":29},"end":{"line":21,"column":24}},"line":26}},"branchMap":{"0":{"loc":{"start":{"line":39,"column":29},"end":{"line":39,"column":85}},"type":"binary-expr","locations":[{"start":{"line":39,"column":29},"end":{"line":39,"column":80}},{"start":{"line":39,"column":80},"end":{"line":39,"column":85}}],"line":39},"1":{"loc":{"start":{"line":26,"column":13},"end":{"line":26,"column":29}},"type":"binary-expr","locations":[{"start":{"line":26,"column":13},"end":{"line":26,"column":29}},{"start":{"line":26,"column":13},"end":{"line":26,"column":29}}],"line":26},"2":{"loc":{"start":{"line":26,"column":29},"end":{"line":61,"column":null}},"type":"if","locations":[{"start":{"line":26,"column":29},"end":{"line":61,"column":null}},{"start":{},"end":{}}],"line":26},"3":{"loc":{"start":{"line":26,"column":13},"end":{"line":24,"column":null}},"type":"binary-expr","locations":[{"start":{"line":26,"column":13},"end":{"line":26,"column":29}},{"start":{"line":26,"column":13},"end":{"line":26,"column":29}},{"start":{"line":26,"column":13},"end":{"line":24,"column":null}}],"line":26},"4":{"loc":{"start":{"line":26,"column":13},"end":{"line":26,"column":null}},"type":"binary-expr","locations":[{"start":{"line":26,"column":13},"end":{"line":26,"column":29}},{"start":{"line":26,"column":13},"end":{"line":26,"column":29}},{"start":{"line":26,"column":13},"end":{"line":26,"column":null}}],"line":26}},"s":{"0":2,"1":2,"2":28,"3":10,"4":9,"5":9,"6":9,"7":9,"8":9,"9":9,"10":10,"11":9,"12":1,"13":1,"14":1,"15":2,"16":2,"17":2,"18":18,"19":2},"f":{"0":28,"1":10,"2":9,"3":10,"4":9,"5":1,"6":1,"7":1,"8":2,"9":2,"10":2},"b":{"0":[10,0],"1":[9,9],"2":[9,9],"3":[2,2,2],"4":[2,2,2]},"meta":{"lastBranch":5,"lastFunction":11,"lastStatement":20,"seen":{"s:1:0:26:Infinity":0,"s:26:13:21:105":1,"f:38:6:38:17":0,"s:38:22:38:54":2,"f:39:6:39:17":1,"s:39:22:39:85":3,"b:39:29:39:80:39:80:39:85":0,"f:41:2:41:Infinity":2,"s:42:12:42:Infinity":4,"s:43:12:43:Infinity":5,"s:44:12:44:26":6,"s:27:11:32:Infinity":7,"s:35:2:35:Infinity":8,"s:36:2:36:Infinity":9,"f:47:2:47:10":3,"s:48:4:51:Infinity":10,"f:49:12:49:20":4,"s:49:20:49:Infinity":11,"f:50:13:50:19":5,"s:50:19:50:Infinity":12,"f:54:2:54:11":6,"s:55:4:55:Infinity":13,"f:58:2:58:8":7,"s:59:4:59:Infinity":14,"f:62:2:62:16":8,"s:63:4:63:Infinity":15,"f:63:26:63:31":9,"s:63:31:63:33":16,"s:26:13:26:Infinity":17,"b:26:13:26:29:26:13:26:29":1,"f:26:29:26:Infinity":10,"b:26:29:61:Infinity:undefined:undefined:undefined:undefined":2,"s:26:29:61:Infinity":18,"s:26:13:24:Infinity":19,"b:26:13:26:29:26:13:26:29:26:13:24:Infinity":3,"b:26:13:26:29:26:13:26:29:26:13:26:Infinity":4},"fnNames":{}}}
,"C:\\Users\\intel\\Projects\\Bot-Management-System-main\\ng22-frontend\\src\\app\\guards\\auth.guard.ts": {"path":"C:\\Users\\intel\\Projects\\Bot-Management-System-main\\ng22-frontend\\src\\app\\guards\\auth.guard.ts","statementMap":{"0":{"start":{"line":3,"column":0},"end":{"line":3,"column":null}},"1":{"start":{"line":5,"column":40},"end":{"line":11,"column":null}},"2":{"start":{"line":6,"column":8},"end":{"line":6,"column":null}},"3":{"start":{"line":7,"column":8},"end":{"line":7,"column":null}},"4":{"start":{"line":8,"column":2},"end":{"line":8,"column":null}},"5":{"start":{"line":8,"column":30},"end":{"line":8,"column":null}},"6":{"start":{"line":9,"column":2},"end":{"line":9,"column":null}},"7":{"start":{"line":10,"column":2},"end":{"line":10,"column":null}}},"fnMap":{"0":{"name":"(anonymous_0)","decl":{"start":{"line":5,"column":40},"end":{"line":5,"column":45}},"loc":{"start":{"line":5,"column":45},"end":{"line":11,"column":null}},"line":5}},"branchMap":{"0":{"loc":{"start":{"line":8,"column":2},"end":{"line":8,"column":null}},"type":"if","locations":[{"start":{"line":8,"column":2},"end":{"line":8,"column":null}},{"start":{},"end":{}}],"line":8}},"s":{"0":1,"1":1,"2":2,"3":2,"4":2,"5":1,"6":1,"7":1},"f":{"0":2},"b":{"0":[1,1]},"meta":{"lastBranch":1,"lastFunction":1,"lastStatement":8,"seen":{"s:3:0:3:Infinity":0,"s:5:40:11:Infinity":1,"f:5:40:5:45":0,"s:6:8:6:Infinity":2,"s:7:8:7:Infinity":3,"b:8:2:8:Infinity:undefined:undefined:undefined:undefined":0,"s:8:2:8:Infinity":4,"s:8:30:8:Infinity":5,"s:9:2:9:Infinity":6,"s:10:2:10:Infinity":7},"fnNames":{}}}
,"C:\\Users\\intel\\Projects\\Bot-Management-System-main\\ng22-frontend\\src\\app\\guards\\guest.guard.ts": {"path":"C:\\Users\\intel\\Projects\\Bot-Management-System-main\\ng22-frontend\\src\\app\\guards\\guest.guard.ts","statementMap":{"0":{"start":{"line":3,"column":0},"end":{"line":3,"column":null}},"1":{"start":{"line":5,"column":41},"end":{"line":11,"column":null}},"2":{"start":{"line":6,"column":8},"end":{"line":6,"column":null}},"3":{"start":{"line":7,"column":8},"end":{"line":7,"column":null}},"4":{"start":{"line":8,"column":2},"end":{"line":8,"column":null}},"5":{"start":{"line":8,"column":31},"end":{"line":8,"column":null}},"6":{"start":{"line":9,"column":2},"end":{"line":9,"column":null}},"7":{"start":{"line":10,"column":2},"end":{"line":10,"column":null}}},"fnMap":{"0":{"name":"(anonymous_0)","decl":{"start":{"line":5,"column":41},"end":{"line":5,"column":46}},"loc":{"start":{"line":5,"column":46},"end":{"line":11,"column":null}},"line":5}},"branchMap":{"0":{"loc":{"start":{"line":8,"column":2},"end":{"line":8,"column":null}},"type":"if","locations":[{"start":{"line":8,"column":2},"end":{"line":8,"column":null}},{"start":{},"end":{}}],"line":8}},"s":{"0":1,"1":1,"2":2,"3":2,"4":2,"5":1,"6":1,"7":1},"f":{"0":2},"b":{"0":[1,1]},"meta":{"lastBranch":1,"lastFunction":1,"lastStatement":8,"seen":{"s:3:0:3:Infinity":0,"s:5:41:11:Infinity":1,"f:5:41:5:46":0,"s:6:8:6:Infinity":2,"s:7:8:7:Infinity":3,"b:8:2:8:Infinity:undefined:undefined:undefined:undefined":0,"s:8:2:8:Infinity":4,"s:8:31:8:Infinity":5,"s:9:2:9:Infinity":6,"s:10:2:10:Infinity":7},"fnNames":{}}}
,"C:\\Users\\intel\\Projects\\Bot-Management-System-main\\ng22-frontend\\src\\app\\interceptors\\auth.interceptor.ts": {"path":"C:\\Users\\intel\\Projects\\Bot-Management-System-main\\ng22-frontend\\src\\app\\interceptors\\auth.interceptor.ts","statementMap":{"0":{"start":{"line":3,"column":0},"end":{"line":3,"column":null}},"1":{"start":{"line":5,"column":50},"end":{"line":12,"column":null}},"2":{"start":{"line":6,"column":8},"end":{"line":6,"column":null}},"3":{"start":{"line":7,"column":16},"end":{"line":7,"column":null}},"4":{"start":{"line":8,"column":2},"end":{"line":10,"column":null}},"5":{"start":{"line":9,"column":4},"end":{"line":9,"column":null}},"6":{"start":{"line":11,"column":2},"end":{"line":11,"column":null}}},"fnMap":{"0":{"name":"(anonymous_0)","decl":{"start":{"line":5,"column":50},"end":{"line":5,"column":51}},"loc":{"start":{"line":5,"column":64},"end":{"line":12,"column":null}},"line":5}},"branchMap":{"0":{"loc":{"start":{"line":8,"column":2},"end":{"line":10,"column":null}},"type":"if","locations":[{"start":{"line":8,"column":2},"end":{"line":10,"column":null}},{"start":{},"end":{}}],"line":8}},"s":{"0":1,"1":1,"2":2,"3":2,"4":2,"5":1,"6":1},"f":{"0":2},"b":{"0":[1,1]},"meta":{"lastBranch":1,"lastFunction":1,"lastStatement":7,"seen":{"s:3:0:3:Infinity":0,"s:5:50:12:Infinity":1,"f:5:50:5:51":0,"s:6:8:6:Infinity":2,"s:7:16:7:Infinity":3,"b:8:2:10:Infinity:undefined:undefined:undefined:undefined":0,"s:8:2:10:Infinity":4,"s:9:4:9:Infinity":5,"s:11:2:11:Infinity":6},"fnNames":{}}}
,"C:\\Users\\intel\\Projects\\Bot-Management-System-main\\ng22-frontend\\src\\app\\layouts\\auth-layout\\auth-layout.component.html": {"path":"C:\\Users\\intel\\Projects\\Bot-Management-System-main\\ng22-frontend\\src\\app\\layouts\\auth-layout\\auth-layout.component.html","statementMap":{"0":{"start":{"line":1,"column":0},"end":{"line":1,"column":null}},"1":{"start":{"line":2,"column":2},"end":{"line":2,"column":null}},"2":{"start":{"line":3,"column":0},"end":{"line":3,"column":null}}},"fnMap":{},"branchMap":{},"s":{"0":1,"1":1,"2":1},"f":{},"b":{},"meta":{"lastBranch":0,"lastFunction":0,"lastStatement":3,"seen":{"s:1:0:1:Infinity":0,"s:2:2:2:Infinity":1,"s:3:0:3:Infinity":2},"fnNames":{}}}
,"C:\\Users\\intel\\Projects\\Bot-Management-System-main\\ng22-frontend\\src\\app\\layouts\\auth-layout\\auth-layout.component.ts": {"path":"C:\\Users\\intel\\Projects\\Bot-Management-System-main\\ng22-frontend\\src\\app\\layouts\\auth-layout\\auth-layout.component.ts","statementMap":{"0":{"start":{"line":1,"column":0},"end":{"line":11,"column":null}},"1":{"start":{"line":11,"column":13},"end":{"line":7,"column":25}},"2":{"start":{"line":11,"column":13},"end":{"line":11,"column":null}},"3":{"start":{"line":11,"column":32},"end":{"line":3,"column":null}},"4":{"start":{"line":11,"column":13},"end":{"line":7,"column":null}}},"fnMap":{"0":{"name":"template","decl":{"start":{"line":11,"column":32},"end":{"line":11,"column":null}},"loc":{"start":{"line":11,"column":32},"end":{"line":7,"column":24}},"line":11}},"branchMap":{"0":{"loc":{"start":{"line":11,"column":13},"end":{"line":11,"column":32}},"type":"binary-expr","locations":[{"start":{"line":11,"column":13},"end":{"line":11,"column":32}},{"start":{"line":11,"column":13},"end":{"line":11,"column":32}}],"line":11},"1":{"loc":{"start":{"line":11,"column":32},"end":{"line":3,"column":null}},"type":"if","locations":[{"start":{"line":11,"column":32},"end":{"line":3,"column":null}},{"start":{},"end":{}}],"line":11},"2":{"loc":{"start":{"line":11,"column":13},"end":{"line":7,"column":null}},"type":"binary-expr","locations":[{"start":{"line":11,"column":13},"end":{"line":11,"column":32}},{"start":{"line":11,"column":13},"end":{"line":11,"column":32}},{"start":{"line":11,"column":13},"end":{"line":7,"column":null}}],"line":11},"3":{"loc":{"start":{"line":11,"column":13},"end":{"line":11,"column":null}},"type":"binary-expr","locations":[{"start":{"line":11,"column":13},"end":{"line":11,"column":32}},{"start":{"line":11,"column":13},"end":{"line":11,"column":32}},{"start":{"line":11,"column":13},"end":{"line":11,"column":null}}],"line":11}},"s":{"0":1,"1":1,"2":1,"3":2,"4":1},"f":{"0":1},"b":{"0":[1,1],"1":[1,1],"2":[1,1,1],"3":[1,1,1]},"meta":{"lastBranch":4,"lastFunction":1,"lastStatement":5,"seen":{"s:1:0:11:Infinity":0,"s:11:13:7:25":1,"s:11:13:11:Infinity":2,"b:11:13:11:32:11:13:11:32":0,"f:11:32:11:Infinity":0,"b:11:32:3:Infinity:undefined:undefined:undefined:undefined":1,"s:11:32:3:Infinity":3,"s:11:13:7:Infinity":4,"b:11:13:11:32:11:13:11:32:11:13:7:Infinity":2,"b:11:13:11:32:11:13:11:32:11:13:11:Infinity":3},"fnNames":{}}}
,"C:\\Users\\intel\\Projects\\Bot-Management-System-main\\ng22-frontend\\src\\app\\layouts\\main-layout\\main-layout.component.html": {"path":"C:\\Users\\intel\\Projects\\Bot-Management-System-main\\ng22-frontend\\src\\app\\layouts\\main-layout\\main-layout.component.html","statementMap":{"0":{"start":{"line":1,"column":0},"end":{"line":1,"column":null}},"1":{"start":{"line":2,"column":2},"end":{"line":2,"column":null}},"2":{"start":{"line":3,"column":2},"end":{"line":3,"column":null}},"3":{"start":{"line":4,"column":4},"end":{"line":4,"column":null}},"4":{"start":{"line":5,"column":2},"end":{"line":5,"column":null}}},"fnMap":{},"branchMap":{},"s":{"0":1,"1":1,"2":1,"3":1,"4":1},"f":{},"b":{},"meta":{"lastBranch":0,"lastFunction":0,"lastStatement":5,"seen":{"s:1:0:1:Infinity":0,"s:2:2:2:Infinity":1,"s:3:2:3:Infinity":2,"s:4:4:4:Infinity":3,"s:5:2:5:Infinity":4},"fnNames":{}}}
,"C:\\Users\\intel\\Projects\\Bot-Management-System-main\\ng22-frontend\\src\\app\\layouts\\main-layout\\main-layout.component.ts": {"path":"C:\\Users\\intel\\Projects\\Bot-Management-System-main\\ng22-frontend\\src\\app\\layouts\\main-layout\\main-layout.component.ts","statementMap":{"0":{"start":{"line":1,"column":0},"end":{"line":13,"column":null}},"1":{"start":{"line":3,"column":0},"end":{"line":3,"column":null}},"2":{"start":{"line":13,"column":13},"end":{"line":8,"column":43}},"3":{"start":{"line":13,"column":13},"end":{"line":13,"column":null}},"4":{"start":{"line":13,"column":32},"end":{"line":5,"column":null}},"5":{"start":{"line":13,"column":13},"end":{"line":11,"column":null}}},"fnMap":{"0":{"name":"template","decl":{"start":{"line":13,"column":32},"end":{"line":13,"column":null}},"loc":{"start":{"line":13,"column":32},"end":{"line":8,"column":26}},"line":13}},"branchMap":{"0":{"loc":{"start":{"line":13,"column":13},"end":{"line":13,"column":32}},"type":"binary-expr","locations":[{"start":{"line":13,"column":13},"end":{"line":13,"column":32}},{"start":{"line":13,"column":13},"end":{"line":13,"column":32}}],"line":13},"1":{"loc":{"start":{"line":13,"column":32},"end":{"line":5,"column":null}},"type":"if","locations":[{"start":{"line":13,"column":32},"end":{"line":5,"column":null}},{"start":{},"end":{}}],"line":13},"2":{"loc":{"start":{"line":13,"column":13},"end":{"line":11,"column":null}},"type":"binary-expr","locations":[{"start":{"line":13,"column":13},"end":{"line":13,"column":32}},{"start":{"line":13,"column":13},"end":{"line":13,"column":32}},{"start":{"line":13,"column":13},"end":{"line":11,"column":null}}],"line":13},"3":{"loc":{"start":{"line":13,"column":13},"end":{"line":13,"column":null}},"type":"binary-expr","locations":[{"start":{"line":13,"column":13},"end":{"line":13,"column":32}},{"start":{"line":13,"column":13},"end":{"line":13,"column":32}},{"start":{"line":13,"column":13},"end":{"line":13,"column":null}}],"line":13}},"s":{"0":1,"1":1,"2":1,"3":1,"4":2,"5":1},"f":{"0":1},"b":{"0":[1,1],"1":[1,1],"2":[1,1,1],"3":[1,1,1]},"meta":{"lastBranch":4,"lastFunction":1,"lastStatement":6,"seen":{"s:1:0:13:Infinity":0,"s:3:0:3:Infinity":1,"s:13:13:8:43":2,"s:13:13:13:Infinity":3,"b:13:13:13:32:13:13:13:32":0,"f:13:32:13:Infinity":0,"b:13:32:5:Infinity:undefined:undefined:undefined:undefined":1,"s:13:32:5:Infinity":4,"s:13:13:11:Infinity":5,"b:13:13:13:32:13:13:13:32:13:13:11:Infinity":2,"b:13:13:13:32:13:13:13:32:13:13:13:Infinity":3},"fnNames":{}}}
,"C:\\Users\\intel\\Projects\\Bot-Management-System-main\\ng22-frontend\\src\\app\\pages\\auth\\login\\login.component.html": {"path":"C:\\Users\\intel\\Projects\\Bot-Management-System-main\\ng22-frontend\\src\\app\\pages\\auth\\login\\login.component.html","statementMap":{"0":{"start":{"line":16,"column":8},"end":{"line":16,"column":19}},"1":{"start":{"line":16,"column":19},"end":{"line":16,"column":42}},"2":{"start":{"line":16,"column":42},"end":{"line":16,"column":null}},"3":{"start":{"line":27,"column":8},"end":{"line":27,"column":19}},"4":{"start":{"line":27,"column":19},"end":{"line":27,"column":39}},"5":{"start":{"line":27,"column":39},"end":{"line":27,"column":null}},"6":{"start":{"line":32,"column":6},"end":{"line":32,"column":null}},"7":{"start":{"line":33,"column":18},"end":{"line":33,"column":31}},"8":{"start":{"line":33,"column":31},"end":{"line":33,"column":null}},"9":{"start":{"line":34,"column":8},"end":{"line":34,"column":null}},"10":{"start":{"line":35,"column":6},"end":{"line":35,"column":null}},"11":{"start":{"line":41,"column":8},"end":{"line":41,"column":null}},"12":{"start":{"line":43,"column":8},"end":{"line":43,"column":null}},"13":{"start":{"line":1,"column":0},"end":{"line":3,"column":null}},"14":{"start":{"line":4,"column":16},"end":{"line":4,"column":25}},"15":{"start":{"line":4,"column":25},"end":{"line":4,"column":null}},"16":{"start":{"line":6,"column":4},"end":{"line":6,"column":8}},"17":{"start":{"line":6,"column":8},"end":{"line":6,"column":20}},"18":{"start":{"line":6,"column":20},"end":{"line":6,"column":null}},"19":{"start":{"line":7,"column":4},"end":{"line":7,"column":7}},"20":{"start":{"line":7,"column":7},"end":{"line":7,"column":33}},"21":{"start":{"line":7,"column":33},"end":{"line":7,"column":null}},"22":{"start":{"line":10,"column":2},"end":{"line":10,"column":8}},"23":{"start":{"line":10,"column":27},"end":{"line":10,"column":null}},"24":{"start":{"line":10,"column":27},"end":{"line":10,"column":47}},"25":{"start":{"line":11,"column":4},"end":{"line":11,"column":null}},"26":{"start":{"line":12,"column":17},"end":{"line":12,"column":30}},"27":{"start":{"line":12,"column":30},"end":{"line":12,"column":null}},"28":{"start":{"line":13,"column":6},"end":{"line":13,"column":35}},"29":{"start":{"line":13,"column":35},"end":{"line":13,"column":null}},"30":{"start":{"line":14,"column":6},"end":{"line":14,"column":26}},"31":{"start":{"line":14,"column":26},"end":{"line":14,"column":31}},"32":{"start":{"line":14,"column":31},"end":{"line":14,"column":null}},"33":{"start":{"line":15,"column":6},"end":{"line":15,"column":null}},"34":{"start":{"line":18,"column":4},"end":{"line":18,"column":null}},"35":{"start":{"line":20,"column":4},"end":{"line":20,"column":null}},"36":{"start":{"line":21,"column":17},"end":{"line":21,"column":25}},"37":{"start":{"line":21,"column":25},"end":{"line":21,"column":null}},"38":{"start":{"line":22,"column":6},"end":{"line":22,"column":22}},"39":{"start":{"line":22,"column":64},"end":{"line":22,"column":null}},"40":{"start":{"line":23,"column":6},"end":{"line":23,"column":46}},"41":{"start":{"line":23,"column":46},"end":{"line":23,"column":null}},"42":{"start":{"line":23,"column":46},"end":{"line":23,"column":67}},"43":{"start":{"line":24,"column":8},"end":{"line":24,"column":null}},"44":{"start":{"line":25,"column":6},"end":{"line":25,"column":null}},"45":{"start":{"line":26,"column":6},"end":{"line":26,"column":null}},"46":{"start":{"line":29,"column":4},"end":{"line":29,"column":null}},"47":{"start":{"line":31,"column":4},"end":{"line":31,"column":null}},"48":{"start":{"line":38,"column":4},"end":{"line":38,"column":null}},"49":{"start":{"line":40,"column":6},"end":{"line":40,"column":null}},"50":{"start":{"line":45,"column":4},"end":{"line":45,"column":null}},"51":{"start":{"line":48,"column":2},"end":{"line":48,"column":null}},"52":{"start":{"line":49,"column":4},"end":{"line":49,"column":27}},"53":{"start":{"line":49,"column":27},"end":{"line":49,"column":53}},"54":{"start":{"line":49,"column":53},"end":{"line":49,"column":63}},"55":{"start":{"line":49,"column":63},"end":{"line":50,"column":null}},"56":{"start":{"line":10,"column":8},"end":{"line":10,"column":27}},"57":{"start":{"line":22,"column":22},"end":{"line":22,"column":64}},"58":{"start":{"line":39,"column":12},"end":{"line":39,"column":null}},"59":{"start":{"line":40,"column":6},"end":{"line":40,"column":23}}},"fnMap":{"0":{"name":"LoginComponent_Template_form_ngSubmit_9_listener","decl":{"start":{"line":10,"column":27},"end":{"line":10,"column":39}},"loc":{"start":{"line":10,"column":27},"end":{"line":10,"column":null}},"line":10},"1":{"name":"LoginComponent_Template_mat_icon_click_21_listener","decl":{"start":{"line":23,"column":46},"end":{"line":23,"column":55}},"loc":{"start":{"line":23,"column":46},"end":{"line":23,"column":null}},"line":23}},"branchMap":{"0":{"loc":{"start":{"line":15,"column":6},"end":{"line":15,"column":null}},"type":"cond-expr","locations":[{"start":{"line":15,"column":6},"end":{"line":15,"column":null}},{"start":{"line":15,"column":6},"end":{"line":15,"column":null}}],"line":15},"1":{"loc":{"start":{"line":22,"column":22},"end":{"line":22,"column":64}},"type":"cond-expr","locations":[{"start":{"line":22,"column":22},"end":{"line":22,"column":64}},{"start":{"line":22,"column":22},"end":{"line":22,"column":64}}],"line":22},"2":{"loc":{"start":{"line":24,"column":8},"end":{"line":24,"column":null}},"type":"cond-expr","locations":[{"start":{"line":24,"column":8},"end":{"line":24,"column":null}},{"start":{"line":24,"column":8},"end":{"line":24,"column":null}}],"line":24},"3":{"loc":{"start":{"line":26,"column":6},"end":{"line":26,"column":null}},"type":"cond-expr","locations":[{"start":{"line":26,"column":6},"end":{"line":26,"column":null}},{"start":{"line":26,"column":6},"end":{"line":26,"column":null}}],"line":26},"4":{"loc":{"start":{"line":31,"column":4},"end":{"line":31,"column":null}},"type":"cond-expr","locations":[{"start":{"line":31,"column":4},"end":{"line":31,"column":null}},{"start":{"line":31,"column":4},"end":{"line":31,"column":null}}],"line":31},"5":{"loc":{"start":{"line":40,"column":6},"end":{"line":40,"column":23}},"type":"cond-expr","locations":[{"start":{"line":40,"column":6},"end":{"line":40,"column":23}},{"start":{"line":40,"column":6},"end":{"line":40,"column":23}}],"line":40}},"s":{"0":0,"1":0,"2":0,"3":0,"4":0,"5":0,"6":0,"7":0,"8":0,"9":0,"10":0,"11":0,"12":11,"13":11,"14":11,"15":11,"16":11,"17":11,"18":11,"19":11,"20":11,"21":11,"22":11,"23":11,"24":0,"25":11,"26":11,"27":11,"28":11,"29":11,"30":11,"31":11,"32":11,"33":11,"34":11,"35":11,"36":11,"37":11,"38":11,"39":11,"40":11,"41":11,"42":0,"43":11,"44":11,"45":11,"46":11,"47":11,"48":11,"49":11,"50":11,"51":11,"52":11,"53":11,"54":11,"55":11,"56":11,"57":11,"58":11,"59":11},"f":{"0":0,"1":0},"b":{"0":[11,22],"1":[0,11],"2":[0,11],"3":[11,22],"4":[0,11],"5":[0,11]},"meta":{"lastBranch":6,"lastFunction":2,"lastStatement":60,"seen":{"s:16:8:16:19":0,"s:16:19:16:42":1,"s:16:42:16:Infinity":2,"s:27:8:27:19":3,"s:27:19:27:39":4,"s:27:39:27:Infinity":5,"s:32:6:32:Infinity":6,"s:33:18:33:31":7,"s:33:31:33:Infinity":8,"s:34:8:34:Infinity":9,"s:35:6:35:Infinity":10,"s:41:8:41:Infinity":11,"s:43:8:43:Infinity":12,"s:1:0:3:Infinity":13,"s:4:16:4:25":14,"s:4:25:4:Infinity":15,"s:6:4:6:8":16,"s:6:8:6:20":17,"s:6:20:6:Infinity":18,"s:7:4:7:7":19,"s:7:7:7:33":20,"s:7:33:7:Infinity":21,"s:10:2:10:8":22,"s:10:27:10:Infinity":23,"f:10:27:10:39":0,"s:10:27:10:47":24,"s:11:4:11:Infinity":25,"s:12:17:12:30":26,"s:12:30:12:Infinity":27,"s:13:6:13:35":28,"s:13:35:13:Infinity":29,"s:14:6:14:26":30,"s:14:26:14:31":31,"s:14:31:14:Infinity":32,"s:15:6:15:Infinity":33,"s:18:4:18:Infinity":34,"s:20:4:20:Infinity":35,"s:21:17:21:25":36,"s:21:25:21:Infinity":37,"s:22:6:22:22":38,"s:22:64:22:Infinity":39,"s:23:6:23:46":40,"s:23:46:23:Infinity":41,"f:23:46:23:55":1,"s:23:46:23:67":42,"s:24:8:24:Infinity":43,"s:25:6:25:Infinity":44,"s:26:6:26:Infinity":45,"s:29:4:29:Infinity":46,"s:31:4:31:Infinity":47,"s:38:4:38:Infinity":48,"s:40:6:40:Infinity":49,"s:45:4:45:Infinity":50,"s:48:2:48:Infinity":51,"s:49:4:49:27":52,"s:49:27:49:53":53,"s:49:53:49:63":54,"s:49:63:50:Infinity":55,"s:10:8:10:27":56,"b:15:6:15:Infinity:15:6:15:Infinity":0,"s:22:22:22:64":57,"b:22:22:22:64:22:22:22:64":1,"b:24:8:24:Infinity:24:8:24:Infinity":2,"b:26:6:26:Infinity:26:6:26:Infinity":3,"b:31:4:31:Infinity:31:4:31:Infinity":4,"s:39:12:39:Infinity":58,"s:40:6:40:23":59,"b:40:6:40:23:40:6:40:23":5},"fnNames":{}}}
,"C:\\Users\\intel\\Projects\\Bot-Management-System-main\\ng22-frontend\\src\\app\\pages\\auth\\login\\login.component.ts": {"path":"C:\\Users\\intel\\Projects\\Bot-Management-System-main\\ng22-frontend\\src\\app\\pages\\auth\\login\\login.component.ts","statementMap":{"0":{"start":{"line":1,"column":0},"end":{"line":23,"column":null}},"1":{"start":{"line":23,"column":13},"end":{"line":17,"column":null}},"2":{"start":{"line":34,"column":12},"end":{"line":34,"column":null}},"3":{"start":{"line":35,"column":12},"end":{"line":35,"column":null}},"4":{"start":{"line":36,"column":12},"end":{"line":36,"column":null}},"5":{"start":{"line":37,"column":12},"end":{"line":37,"column":45}},"6":{"start":{"line":24,"column":11},"end":{"line":27,"column":null}},"7":{"start":{"line":29,"column":11},"end":{"line":29,"column":null}},"8":{"start":{"line":30,"column":11},"end":{"line":30,"column":null}},"9":{"start":{"line":31,"column":11},"end":{"line":31,"column":null}},"10":{"start":{"line":40,"column":23},"end":{"line":40,"column":54}},"11":{"start":{"line":40,"column":49},"end":{"line":40,"column":51}},"12":{"start":{"line":43,"column":4},"end":{"line":43,"column":null}},"13":{"start":{"line":43,"column":29},"end":{"line":43,"column":59}},"14":{"start":{"line":43,"column":59},"end":{"line":43,"column":67}},"15":{"start":{"line":44,"column":4},"end":{"line":44,"column":null}},"16":{"start":{"line":45,"column":4},"end":{"line":45,"column":null}},"17":{"start":{"line":47,"column":4},"end":{"line":56,"column":null}},"18":{"start":{"line":49,"column":8},"end":{"line":49,"column":null}},"19":{"start":{"line":50,"column":8},"end":{"line":50,"column":null}},"20":{"start":{"line":53,"column":8},"end":{"line":53,"column":null}},"21":{"start":{"line":54,"column":8},"end":{"line":54,"column":null}},"22":{"start":{"line":23,"column":13},"end":{"line":23,"column":null}},"23":{"start":{"line":23,"column":27},"end":{"line":50,"column":null}},"24":{"start":{"line":23,"column":13},"end":{"line":21,"column":null}}},"fnMap":{"0":{"name":"constructor","decl":{"start":{"line":33,"column":2},"end":{"line":33,"column":null}},"loc":{"start":{"line":37,"column":45},"end":{"line":38,"column":null}},"line":37},"1":{"name":"togglePass","decl":{"start":{"line":40,"column":2},"end":{"line":40,"column":12}},"loc":{"start":{"line":40,"column":12},"end":{"line":40,"column":null}},"line":40},"2":{"name":"(anonymous_2)","decl":{"start":{"line":40,"column":44},"end":{"line":40,"column":49}},"loc":{"start":{"line":40,"column":49},"end":{"line":40,"column":51}},"line":40},"3":{"name":"submit","decl":{"start":{"line":42,"column":2},"end":{"line":42,"column":8}},"loc":{"start":{"line":42,"column":8},"end":{"line":57,"column":null}},"line":42},"4":{"name":"(anonymous_4)","decl":{"start":{"line":48,"column":12},"end":{"line":48,"column":17}},"loc":{"start":{"line":48,"column":17},"end":{"line":51,"column":null}},"line":48},"5":{"name":"(anonymous_5)","decl":{"start":{"line":52,"column":13},"end":{"line":52,"column":19}},"loc":{"start":{"line":52,"column":19},"end":{"line":55,"column":null}},"line":52},"6":{"name":"template","decl":{"start":{"line":23,"column":27},"end":{"line":23,"column":null}},"loc":{"start":{"line":23,"column":27},"end":{"line":40,"column":23}},"line":23}},"branchMap":{"0":{"loc":{"start":{"line":43,"column":4},"end":{"line":43,"column":null}},"type":"if","locations":[{"start":{"line":43,"column":4},"end":{"line":43,"column":null}},{"start":{},"end":{}}],"line":43},"1":{"loc":{"start":{"line":53,"column":26},"end":{"line":53,"column":81}},"type":"binary-expr","locations":[{"start":{"line":53,"column":26},"end":{"line":53,"column":48}},{"start":{"line":53,"column":48},"end":{"line":53,"column":81}}],"line":53},"2":{"loc":{"start":{"line":23,"column":13},"end":{"line":23,"column":27}},"type":"binary-expr","locations":[{"start":{"line":23,"column":13},"end":{"line":23,"column":27}},{"start":{"line":23,"column":13},"end":{"line":23,"column":27}}],"line":23},"3":{"loc":{"start":{"line":23,"column":27},"end":{"line":50,"column":null}},"type":"if","locations":[{"start":{"line":23,"column":27},"end":{"line":50,"column":null}},{"start":{},"end":{}}],"line":23},"4":{"loc":{"start":{"line":23,"column":13},"end":{"line":21,"column":null}},"type":"binary-expr","locations":[{"start":{"line":23,"column":13},"end":{"line":23,"column":27}},{"start":{"line":23,"column":13},"end":{"line":23,"column":27}},{"start":{"line":23,"column":13},"end":{"line":21,"column":null}}],"line":23},"5":{"loc":{"start":{"line":23,"column":13},"end":{"line":23,"column":null}},"type":"binary-expr","locations":[{"start":{"line":23,"column":13},"end":{"line":23,"column":27}},{"start":{"line":23,"column":13},"end":{"line":23,"column":27}},{"start":{"line":23,"column":13},"end":{"line":23,"column":null}}],"line":23}},"s":{"0":1,"1":1,"2":11,"3":11,"4":11,"5":11,"6":11,"7":11,"8":11,"9":11,"10":1,"11":1,"12":5,"13":2,"14":2,"15":3,"16":3,"17":3,"18":1,"19":1,"20":2,"21":2,"22":1,"23":22,"24":1},"f":{"0":11,"1":1,"2":1,"3":5,"4":1,"5":2,"6":1},"b":{"0":[2,3],"1":[2,1],"2":[11,11],"3":[11,11],"4":[1,1,1],"5":[1,1,1]},"meta":{"lastBranch":6,"lastFunction":7,"lastStatement":25,"seen":{"s:1:0:23:Infinity":0,"s:23:13:17:Infinity":1,"f:33:2:33:Infinity":0,"s:34:12:34:Infinity":2,"s:35:12:35:Infinity":3,"s:36:12:36:Infinity":4,"s:37:12:37:45":5,"s:24:11:27:Infinity":6,"s:29:11:29:Infinity":7,"s:30:11:30:Infinity":8,"s:31:11:31:Infinity":9,"f:40:2:40:12":1,"s:40:23:40:54":10,"f:40:44:40:49":2,"s:40:49:40:51":11,"f:42:2:42:8":3,"b:43:4:43:Infinity:undefined:undefined:undefined:undefined":0,"s:43:4:43:Infinity":12,"s:43:29:43:59":13,"s:43:59:43:67":14,"s:44:4:44:Infinity":15,"s:45:4:45:Infinity":16,"s:47:4:56:Infinity":17,"f:48:12:48:17":4,"s:49:8:49:Infinity":18,"s:50:8:50:Infinity":19,"f:52:13:52:19":5,"s:53:8:53:Infinity":20,"b:53:26:53:48:53:48:53:81":1,"s:54:8:54:Infinity":21,"s:23:13:23:Infinity":22,"b:23:13:23:27:23:13:23:27":2,"f:23:27:23:Infinity":6,"b:23:27:50:Infinity:undefined:undefined:undefined:undefined":3,"s:23:27:50:Infinity":23,"s:23:13:21:Infinity":24,"b:23:13:23:27:23:13:23:27:23:13:21:Infinity":4,"b:23:13:23:27:23:13:23:27:23:13:23:Infinity":5},"fnNames":{}}}
,"C:\\Users\\intel\\Projects\\Bot-Management-System-main\\ng22-frontend\\src\\app\\pages\\auth\\register\\register.component.html": {"path":"C:\\Users\\intel\\Projects\\Bot-Management-System-main\\ng22-frontend\\src\\app\\pages\\auth\\register\\register.component.html","statementMap":{"0":{"start":{"line":14,"column":8},"end":{"line":14,"column":19}},"1":{"start":{"line":14,"column":19},"end":{"line":14,"column":48}},"2":{"start":{"line":14,"column":48},"end":{"line":14,"column":null}},"3":{"start":{"line":23,"column":8},"end":{"line":23,"column":19}},"4":{"start":{"line":23,"column":19},"end":{"line":23,"column":42}},"5":{"start":{"line":23,"column":42},"end":{"line":23,"column":null}},"6":{"start":{"line":34,"column":8},"end":{"line":34,"column":19}},"7":{"start":{"line":34,"column":19},"end":{"line":34,"column":57}},"8":{"start":{"line":34,"column":57},"end":{"line":34,"column":null}},"9":{"start":{"line":43,"column":8},"end":{"line":43,"column":19}},"10":{"start":{"line":43,"column":19},"end":{"line":43,"column":41}},"11":{"start":{"line":43,"column":41},"end":{"line":43,"column":null}},"12":{"start":{"line":48,"column":6},"end":{"line":48,"column":null}},"13":{"start":{"line":49,"column":18},"end":{"line":49,"column":31}},"14":{"start":{"line":49,"column":31},"end":{"line":49,"column":null}},"15":{"start":{"line":50,"column":8},"end":{"line":50,"column":null}},"16":{"start":{"line":51,"column":6},"end":{"line":51,"column":null}},"17":{"start":{"line":55,"column":24},"end":{"line":55,"column":null}},"18":{"start":{"line":56,"column":14},"end":{"line":56,"column":null}},"19":{"start":{"line":1,"column":0},"end":{"line":3,"column":38}},"20":{"start":{"line":3,"column":38},"end":{"line":3,"column":47}},"21":{"start":{"line":3,"column":47},"end":{"line":3,"column":null}},"22":{"start":{"line":4,"column":4},"end":{"line":4,"column":8}},"23":{"start":{"line":4,"column":8},"end":{"line":4,"column":22}},"24":{"start":{"line":4,"column":22},"end":{"line":4,"column":null}},"25":{"start":{"line":5,"column":4},"end":{"line":5,"column":7}},"26":{"start":{"line":5,"column":7},"end":{"line":5,"column":31}},"27":{"start":{"line":5,"column":31},"end":{"line":5,"column":null}},"28":{"start":{"line":8,"column":2},"end":{"line":8,"column":8}},"29":{"start":{"line":8,"column":27},"end":{"line":8,"column":null}},"30":{"start":{"line":8,"column":27},"end":{"line":8,"column":47}},"31":{"start":{"line":9,"column":4},"end":{"line":9,"column":null}},"32":{"start":{"line":10,"column":17},"end":{"line":10,"column":26}},"33":{"start":{"line":10,"column":26},"end":{"line":10,"column":null}},"34":{"start":{"line":11,"column":6},"end":{"line":11,"column":22}},"35":{"start":{"line":11,"column":22},"end":{"line":11,"column":null}},"36":{"start":{"line":12,"column":6},"end":{"line":12,"column":26}},"37":{"start":{"line":12,"column":26},"end":{"line":12,"column":32}},"38":{"start":{"line":12,"column":32},"end":{"line":12,"column":null}},"39":{"start":{"line":13,"column":6},"end":{"line":13,"column":null}},"40":{"start":{"line":16,"column":4},"end":{"line":16,"column":null}},"41":{"start":{"line":18,"column":4},"end":{"line":18,"column":null}},"42":{"start":{"line":19,"column":17},"end":{"line":19,"column":30}},"43":{"start":{"line":19,"column":30},"end":{"line":19,"column":null}},"44":{"start":{"line":20,"column":6},"end":{"line":20,"column":35}},"45":{"start":{"line":20,"column":35},"end":{"line":20,"column":null}},"46":{"start":{"line":21,"column":6},"end":{"line":21,"column":26}},"47":{"start":{"line":21,"column":26},"end":{"line":21,"column":31}},"48":{"start":{"line":21,"column":31},"end":{"line":21,"column":null}},"49":{"start":{"line":22,"column":6},"end":{"line":22,"column":null}},"50":{"start":{"line":25,"column":4},"end":{"line":25,"column":null}},"51":{"start":{"line":27,"column":4},"end":{"line":27,"column":null}},"52":{"start":{"line":28,"column":17},"end":{"line":28,"column":25}},"53":{"start":{"line":28,"column":25},"end":{"line":28,"column":null}},"54":{"start":{"line":29,"column":6},"end":{"line":29,"column":22}},"55":{"start":{"line":29,"column":64},"end":{"line":29,"column":null}},"56":{"start":{"line":30,"column":6},"end":{"line":30,"column":46}},"57":{"start":{"line":30,"column":46},"end":{"line":30,"column":null}},"58":{"start":{"line":30,"column":46},"end":{"line":30,"column":67}},"59":{"start":{"line":31,"column":8},"end":{"line":31,"column":null}},"60":{"start":{"line":32,"column":6},"end":{"line":32,"column":null}},"61":{"start":{"line":33,"column":6},"end":{"line":33,"column":null}},"62":{"start":{"line":36,"column":4},"end":{"line":36,"column":null}},"63":{"start":{"line":38,"column":4},"end":{"line":38,"column":null}},"64":{"start":{"line":39,"column":17},"end":{"line":39,"column":33}},"65":{"start":{"line":39,"column":33},"end":{"line":39,"column":null}},"66":{"start":{"line":40,"column":6},"end":{"line":40,"column":22}},"67":{"start":{"line":40,"column":64},"end":{"line":40,"column":null}},"68":{"start":{"line":41,"column":6},"end":{"line":41,"column":26}},"69":{"start":{"line":41,"column":26},"end":{"line":41,"column":30}},"70":{"start":{"line":41,"column":30},"end":{"line":41,"column":null}},"71":{"start":{"line":42,"column":6},"end":{"line":42,"column":null}},"72":{"start":{"line":45,"column":4},"end":{"line":45,"column":null}},"73":{"start":{"line":47,"column":4},"end":{"line":47,"column":null}},"74":{"start":{"line":54,"column":4},"end":{"line":54,"column":75}},"75":{"start":{"line":55,"column":6},"end":{"line":55,"column":24}},"76":{"start":{"line":57,"column":4},"end":{"line":57,"column":null}},"77":{"start":{"line":60,"column":2},"end":{"line":60,"column":null}},"78":{"start":{"line":61,"column":4},"end":{"line":61,"column":29}},"79":{"start":{"line":61,"column":29},"end":{"line":61,"column":52}},"80":{"start":{"line":61,"column":52},"end":{"line":61,"column":59}},"81":{"start":{"line":61,"column":59},"end":{"line":62,"column":null}},"82":{"start":{"line":8,"column":8},"end":{"line":8,"column":27}},"83":{"start":{"line":29,"column":22},"end":{"line":29,"column":64}},"84":{"start":{"line":40,"column":22},"end":{"line":40,"column":64}},"85":{"start":{"line":54,"column":75},"end":{"line":54,"column":null}},"86":{"start":{"line":55,"column":6},"end":{"line":55,"column":23}}},"fnMap":{"0":{"name":"RegisterComponent_Template_form_ngSubmit_9_listener","decl":{"start":{"line":8,"column":27},"end":{"line":8,"column":39}},"loc":{"start":{"line":8,"column":27},"end":{"line":8,"column":null}},"line":8},"1":{"name":"RegisterComponent_Template_mat_icon_click_28_listener","decl":{"start":{"line":30,"column":46},"end":{"line":30,"column":55}},"loc":{"start":{"line":30,"column":46},"end":{"line":30,"column":null}},"line":30}},"branchMap":{"0":{"loc":{"start":{"line":13,"column":6},"end":{"line":13,"column":null}},"type":"cond-expr","locations":[{"start":{"line":13,"column":6},"end":{"line":13,"column":null}},{"start":{"line":13,"column":6},"end":{"line":13,"column":null}}],"line":13},"1":{"loc":{"start":{"line":22,"column":6},"end":{"line":22,"column":null}},"type":"cond-expr","locations":[{"start":{"line":22,"column":6},"end":{"line":22,"column":null}},{"start":{"line":22,"column":6},"end":{"line":22,"column":null}}],"line":22},"2":{"loc":{"start":{"line":29,"column":22},"end":{"line":29,"column":64}},"type":"cond-expr","locations":[{"start":{"line":29,"column":22},"end":{"line":29,"column":64}},{"start":{"line":29,"column":22},"end":{"line":29,"column":64}}],"line":29},"3":{"loc":{"start":{"line":31,"column":8},"end":{"line":31,"column":null}},"type":"cond-expr","locations":[{"start":{"line":31,"column":8},"end":{"line":31,"column":null}},{"start":{"line":31,"column":8},"end":{"line":31,"column":null}}],"line":31},"4":{"loc":{"start":{"line":33,"column":6},"end":{"line":33,"column":null}},"type":"cond-expr","locations":[{"start":{"line":33,"column":6},"end":{"line":33,"column":null}},{"start":{"line":33,"column":6},"end":{"line":33,"column":null}}],"line":33},"5":{"loc":{"start":{"line":40,"column":22},"end":{"line":40,"column":64}},"type":"cond-expr","locations":[{"start":{"line":40,"column":22},"end":{"line":40,"column":64}},{"start":{"line":40,"column":22},"end":{"line":40,"column":64}}],"line":40},"6":{"loc":{"start":{"line":42,"column":6},"end":{"line":42,"column":null}},"type":"cond-expr","locations":[{"start":{"line":42,"column":6},"end":{"line":42,"column":null}},{"start":{"line":42,"column":6},"end":{"line":42,"column":null}}],"line":42},"7":{"loc":{"start":{"line":47,"column":4},"end":{"line":47,"column":null}},"type":"cond-expr","locations":[{"start":{"line":47,"column":4},"end":{"line":47,"column":null}},{"start":{"line":47,"column":4},"end":{"line":47,"column":null}}],"line":47},"8":{"loc":{"start":{"line":55,"column":6},"end":{"line":55,"column":23}},"type":"cond-expr","locations":[{"start":{"line":55,"column":6},"end":{"line":55,"column":23}},{"start":{"line":55,"column":6},"end":{"line":55,"column":23}}],"line":55}},"s":{"0":0,"1":0,"2":0,"3":0,"4":0,"5":0,"6":0,"7":0,"8":0,"9":0,"10":0,"11":0,"12":0,"13":0,"14":0,"15":0,"16":0,"17":0,"18":12,"19":12,"20":12,"21":12,"22":12,"23":12,"24":12,"25":12,"26":12,"27":12,"28":12,"29":12,"30":0,"31":12,"32":12,"33":12,"34":12,"35":12,"36":12,"37":12,"38":12,"39":12,"40":12,"41":12,"42":12,"43":12,"44":12,"45":12,"46":12,"47":12,"48":12,"49":12,"50":12,"51":12,"52":12,"53":12,"54":12,"55":12,"56":12,"57":12,"58":0,"59":12,"60":12,"61":12,"62":12,"63":12,"64":12,"65":12,"66":12,"67":12,"68":12,"69":12,"70":12,"71":12,"72":12,"73":12,"74":12,"75":12,"76":12,"77":12,"78":12,"79":12,"80":12,"81":12,"82":12,"83":12,"84":12,"85":12,"86":12},"f":{"0":0,"1":0},"b":{"0":[12,24],"1":[12,24],"2":[0,12],"3":[0,12],"4":[12,24],"5":[0,12],"6":[12,12],"7":[0,12],"8":[0,12]},"meta":{"lastBranch":9,"lastFunction":2,"lastStatement":87,"seen":{"s:14:8:14:19":0,"s:14:19:14:48":1,"s:14:48:14:Infinity":2,"s:23:8:23:19":3,"s:23:19:23:42":4,"s:23:42:23:Infinity":5,"s:34:8:34:19":6,"s:34:19:34:57":7,"s:34:57:34:Infinity":8,"s:43:8:43:19":9,"s:43:19:43:41":10,"s:43:41:43:Infinity":11,"s:48:6:48:Infinity":12,"s:49:18:49:31":13,"s:49:31:49:Infinity":14,"s:50:8:50:Infinity":15,"s:51:6:51:Infinity":16,"s:55:24:55:Infinity":17,"s:56:14:56:Infinity":18,"s:1:0:3:38":19,"s:3:38:3:47":20,"s:3:47:3:Infinity":21,"s:4:4:4:8":22,"s:4:8:4:22":23,"s:4:22:4:Infinity":24,"s:5:4:5:7":25,"s:5:7:5:31":26,"s:5:31:5:Infinity":27,"s:8:2:8:8":28,"s:8:27:8:Infinity":29,"f:8:27:8:39":0,"s:8:27:8:47":30,"s:9:4:9:Infinity":31,"s:10:17:10:26":32,"s:10:26:10:Infinity":33,"s:11:6:11:22":34,"s:11:22:11:Infinity":35,"s:12:6:12:26":36,"s:12:26:12:32":37,"s:12:32:12:Infinity":38,"s:13:6:13:Infinity":39,"s:16:4:16:Infinity":40,"s:18:4:18:Infinity":41,"s:19:17:19:30":42,"s:19:30:19:Infinity":43,"s:20:6:20:35":44,"s:20:35:20:Infinity":45,"s:21:6:21:26":46,"s:21:26:21:31":47,"s:21:31:21:Infinity":48,"s:22:6:22:Infinity":49,"s:25:4:25:Infinity":50,"s:27:4:27:Infinity":51,"s:28:17:28:25":52,"s:28:25:28:Infinity":53,"s:29:6:29:22":54,"s:29:64:29:Infinity":55,"s:30:6:30:46":56,"s:30:46:30:Infinity":57,"f:30:46:30:55":1,"s:30:46:30:67":58,"s:31:8:31:Infinity":59,"s:32:6:32:Infinity":60,"s:33:6:33:Infinity":61,"s:36:4:36:Infinity":62,"s:38:4:38:Infinity":63,"s:39:17:39:33":64,"s:39:33:39:Infinity":65,"s:40:6:40:22":66,"s:40:64:40:Infinity":67,"s:41:6:41:26":68,"s:41:26:41:30":69,"s:41:30:41:Infinity":70,"s:42:6:42:Infinity":71,"s:45:4:45:Infinity":72,"s:47:4:47:Infinity":73,"s:54:4:54:75":74,"s:55:6:55:24":75,"s:57:4:57:Infinity":76,"s:60:2:60:Infinity":77,"s:61:4:61:29":78,"s:61:29:61:52":79,"s:61:52:61:59":80,"s:61:59:62:Infinity":81,"s:8:8:8:27":82,"b:13:6:13:Infinity:13:6:13:Infinity":0,"b:22:6:22:Infinity:22:6:22:Infinity":1,"s:29:22:29:64":83,"b:29:22:29:64:29:22:29:64":2,"b:31:8:31:Infinity:31:8:31:Infinity":3,"b:33:6:33:Infinity:33:6:33:Infinity":4,"s:40:22:40:64":84,"b:40:22:40:64:40:22:40:64":5,"b:42:6:42:Infinity:42:6:42:Infinity":6,"b:47:4:47:Infinity:47:4:47:Infinity":7,"s:54:75:54:Infinity":85,"s:55:6:55:23":86,"b:55:6:55:23:55:6:55:23":8},"fnNames":{}}}
,"C:\\Users\\intel\\Projects\\Bot-Management-System-main\\ng22-frontend\\src\\app\\pages\\auth\\register\\register.component.ts": {"path":"C:\\Users\\intel\\Projects\\Bot-Management-System-main\\ng22-frontend\\src\\app\\pages\\auth\\register\\register.component.ts","statementMap":{"0":{"start":{"line":13,"column":15},"end":{"line":13,"column":null}},"1":{"start":{"line":14,"column":18},"end":{"line":14,"column":null}},"2":{"start":{"line":15,"column":2},"end":{"line":15,"column":null}},"3":{"start":{"line":1,"column":0},"end":{"line":29,"column":null}},"4":{"start":{"line":29,"column":13},"end":{"line":23,"column":null}},"5":{"start":{"line":42,"column":12},"end":{"line":42,"column":null}},"6":{"start":{"line":43,"column":12},"end":{"line":43,"column":null}},"7":{"start":{"line":44,"column":12},"end":{"line":44,"column":null}},"8":{"start":{"line":45,"column":12},"end":{"line":45,"column":45}},"9":{"start":{"line":30,"column":11},"end":{"line":35,"column":null}},"10":{"start":{"line":37,"column":11},"end":{"line":37,"column":null}},"11":{"start":{"line":38,"column":11},"end":{"line":38,"column":null}},"12":{"start":{"line":39,"column":11},"end":{"line":39,"column":null}},"13":{"start":{"line":48,"column":23},"end":{"line":48,"column":54}},"14":{"start":{"line":48,"column":49},"end":{"line":48,"column":51}},"15":{"start":{"line":51,"column":4},"end":{"line":51,"column":null}},"16":{"start":{"line":51,"column":29},"end":{"line":51,"column":59}},"17":{"start":{"line":51,"column":59},"end":{"line":51,"column":67}},"18":{"start":{"line":52,"column":4},"end":{"line":52,"column":null}},"19":{"start":{"line":53,"column":4},"end":{"line":53,"column":null}},"20":{"start":{"line":55,"column":4},"end":{"line":64,"column":null}},"21":{"start":{"line":57,"column":8},"end":{"line":57,"column":null}},"22":{"start":{"line":58,"column":8},"end":{"line":58,"column":null}},"23":{"start":{"line":61,"column":8},"end":{"line":61,"column":null}},"24":{"start":{"line":62,"column":8},"end":{"line":62,"column":null}},"25":{"start":{"line":29,"column":13},"end":{"line":29,"column":null}},"26":{"start":{"line":29,"column":30},"end":{"line":62,"column":null}},"27":{"start":{"line":29,"column":13},"end":{"line":27,"column":null}}},"fnMap":{"0":{"name":"passwordMatchValidator","decl":{"start":{"line":12,"column":16},"end":{"line":12,"column":39}},"loc":{"start":{"line":12,"column":63},"end":{"line":16,"column":null}},"line":12},"1":{"name":"constructor","decl":{"start":{"line":41,"column":2},"end":{"line":41,"column":null}},"loc":{"start":{"line":45,"column":45},"end":{"line":46,"column":null}},"line":45},"2":{"name":"togglePass","decl":{"start":{"line":48,"column":2},"end":{"line":48,"column":12}},"loc":{"start":{"line":48,"column":12},"end":{"line":48,"column":null}},"line":48},"3":{"name":"(anonymous_3)","decl":{"start":{"line":48,"column":44},"end":{"line":48,"column":49}},"loc":{"start":{"line":48,"column":49},"end":{"line":48,"column":51}},"line":48},"4":{"name":"submit","decl":{"start":{"line":50,"column":2},"end":{"line":50,"column":8}},"loc":{"start":{"line":50,"column":8},"end":{"line":65,"column":null}},"line":50},"5":{"name":"(anonymous_5)","decl":{"start":{"line":56,"column":12},"end":{"line":56,"column":17}},"loc":{"start":{"line":56,"column":17},"end":{"line":59,"column":null}},"line":56},"6":{"name":"(anonymous_6)","decl":{"start":{"line":60,"column":13},"end":{"line":60,"column":19}},"loc":{"start":{"line":60,"column":19},"end":{"line":63,"column":null}},"line":60},"7":{"name":"template","decl":{"start":{"line":29,"column":30},"end":{"line":29,"column":null}},"loc":{"start":{"line":29,"column":30},"end":{"line":55,"column":23}},"line":29}},"branchMap":{"0":{"loc":{"start":{"line":15,"column":9},"end":{"line":15,"column":null}},"type":"cond-expr","locations":[{"start":{"line":15,"column":28},"end":{"line":15,"column":35}},{"start":{"line":15,"column":35},"end":{"line":15,"column":null}}],"line":15},"1":{"loc":{"start":{"line":51,"column":4},"end":{"line":51,"column":null}},"type":"if","locations":[{"start":{"line":51,"column":4},"end":{"line":51,"column":null}},{"start":{},"end":{}}],"line":51},"2":{"loc":{"start":{"line":61,"column":26},"end":{"line":61,"column":88}},"type":"binary-expr","locations":[{"start":{"line":61,"column":26},"end":{"line":61,"column":48}},{"start":{"line":61,"column":48},"end":{"line":61,"column":88}}],"line":61},"3":{"loc":{"start":{"line":29,"column":13},"end":{"line":29,"column":30}},"type":"binary-expr","locations":[{"start":{"line":29,"column":13},"end":{"line":29,"column":30}},{"start":{"line":29,"column":13},"end":{"line":29,"column":30}}],"line":29},"4":{"loc":{"start":{"line":29,"column":30},"end":{"line":62,"column":null}},"type":"if","locations":[{"start":{"line":29,"column":30},"end":{"line":62,"column":null}},{"start":{},"end":{}}],"line":29},"5":{"loc":{"start":{"line":29,"column":13},"end":{"line":27,"column":null}},"type":"binary-expr","locations":[{"start":{"line":29,"column":13},"end":{"line":29,"column":30}},{"start":{"line":29,"column":13},"end":{"line":29,"column":30}},{"start":{"line":29,"column":13},"end":{"line":27,"column":null}}],"line":29},"6":{"loc":{"start":{"line":29,"column":13},"end":{"line":29,"column":null}},"type":"binary-expr","locations":[{"start":{"line":29,"column":13},"end":{"line":29,"column":30}},{"start":{"line":29,"column":13},"end":{"line":29,"column":30}},{"start":{"line":29,"column":13},"end":{"line":29,"column":null}}],"line":29}},"s":{"0":80,"1":80,"2":80,"3":1,"4":1,"5":12,"6":12,"7":12,"8":12,"9":12,"10":12,"11":12,"12":12,"13":1,"14":1,"15":3,"16":1,"17":1,"18":2,"19":2,"20":2,"21":1,"22":1,"23":1,"24":1,"25":1,"26":24,"27":1},"f":{"0":80,"1":12,"2":1,"3":1,"4":3,"5":1,"6":1,"7":1},"b":{"0":[77,3],"1":[1,2],"2":[1,0],"3":[12,12],"4":[12,12],"5":[1,1,1],"6":[1,1,1]},"meta":{"lastBranch":7,"lastFunction":8,"lastStatement":28,"seen":{"f:12:16:12:39":0,"s:13:15:13:Infinity":0,"s:14:18:14:Infinity":1,"s:15:2:15:Infinity":2,"b:15:28:15:35:15:35:15:Infinity":0,"s:1:0:29:Infinity":3,"s:29:13:23:Infinity":4,"f:41:2:41:Infinity":1,"s:42:12:42:Infinity":5,"s:43:12:43:Infinity":6,"s:44:12:44:Infinity":7,"s:45:12:45:45":8,"s:30:11:35:Infinity":9,"s:37:11:37:Infinity":10,"s:38:11:38:Infinity":11,"s:39:11:39:Infinity":12,"f:48:2:48:12":2,"s:48:23:48:54":13,"f:48:44:48:49":3,"s:48:49:48:51":14,"f:50:2:50:8":4,"b:51:4:51:Infinity:undefined:undefined:undefined:undefined":1,"s:51:4:51:Infinity":15,"s:51:29:51:59":16,"s:51:59:51:67":17,"s:52:4:52:Infinity":18,"s:53:4:53:Infinity":19,"s:55:4:64:Infinity":20,"f:56:12:56:17":5,"s:57:8:57:Infinity":21,"s:58:8:58:Infinity":22,"f:60:13:60:19":6,"s:61:8:61:Infinity":23,"b:61:26:61:48:61:48:61:88":2,"s:62:8:62:Infinity":24,"s:29:13:29:Infinity":25,"b:29:13:29:30:29:13:29:30":3,"f:29:30:29:Infinity":7,"b:29:30:62:Infinity:undefined:undefined:undefined:undefined":4,"s:29:30:62:Infinity":26,"s:29:13:27:Infinity":27,"b:29:13:29:30:29:13:29:30:29:13:27:Infinity":5,"b:29:13:29:30:29:13:29:30:29:13:29:Infinity":6},"fnNames":{}}}
,"C:\\Users\\intel\\Projects\\Bot-Management-System-main\\ng22-frontend\\src\\app\\pages\\bots\\create\\create-bot.component.html": {"path":"C:\\Users\\intel\\Projects\\Bot-Management-System-main\\ng22-frontend\\src\\app\\pages\\bots\\create\\create-bot.component.html","statementMap":{"0":{"start":{"line":14,"column":10},"end":{"line":14,"column":21}},"1":{"start":{"line":14,"column":21},"end":{"line":14,"column":52}},"2":{"start":{"line":14,"column":52},"end":{"line":14,"column":null}},"3":{"start":{"line":23,"column":10},"end":{"line":23,"column":21}},"4":{"start":{"line":23,"column":21},"end":{"line":23,"column":43}},"5":{"start":{"line":23,"column":43},"end":{"line":23,"column":null}},"6":{"start":{"line":31,"column":12},"end":{"line":31,"column":24}},"7":{"start":{"line":31,"column":44},"end":{"line":31,"column":60}},"8":{"start":{"line":31,"column":60},"end":{"line":31,"column":null}},"9":{"start":{"line":31,"column":24},"end":{"line":31,"column":44}},"10":{"start":{"line":44,"column":12},"end":{"line":44,"column":38}},"11":{"start":{"line":44,"column":38},"end":{"line":44,"column":50}},"12":{"start":{"line":44,"column":50},"end":{"line":44,"column":null}},"13":{"start":{"line":45,"column":12},"end":{"line":45,"column":36}},"14":{"start":{"line":45,"column":36},"end":{"line":45,"column":62}},"15":{"start":{"line":45,"column":62},"end":{"line":45,"column":null}},"16":{"start":{"line":46,"column":12},"end":{"line":46,"column":36}},"17":{"start":{"line":46,"column":36},"end":{"line":46,"column":85}},"18":{"start":{"line":46,"column":85},"end":{"line":46,"column":null}},"19":{"start":{"line":48,"column":12},"end":{"line":48,"column":42}},"20":{"start":{"line":48,"column":42},"end":{"line":48,"column":53}},"21":{"start":{"line":48,"column":53},"end":{"line":48,"column":null}},"22":{"start":{"line":49,"column":12},"end":{"line":49,"column":18}},"23":{"start":{"line":49,"column":18},"end":{"line":49,"column":41}},"24":{"start":{"line":49,"column":41},"end":{"line":49,"column":49}},"25":{"start":{"line":49,"column":49},"end":{"line":49,"column":64}},"26":{"start":{"line":49,"column":64},"end":{"line":49,"column":null}},"27":{"start":{"line":50,"column":12},"end":{"line":50,"column":37}},"28":{"start":{"line":50,"column":37},"end":{"line":50,"column":57}},"29":{"start":{"line":50,"column":57},"end":{"line":50,"column":null}},"30":{"start":{"line":54,"column":10},"end":{"line":54,"column":null}},"31":{"start":{"line":55,"column":22},"end":{"line":55,"column":35}},"32":{"start":{"line":55,"column":35},"end":{"line":55,"column":46}},"33":{"start":{"line":55,"column":46},"end":{"line":55,"column":null}},"34":{"start":{"line":56,"column":10},"end":{"line":56,"column":null}},"35":{"start":{"line":63,"column":28},"end":{"line":63,"column":null}},"36":{"start":{"line":64,"column":18},"end":{"line":64,"column":28}},"37":{"start":{"line":64,"column":28},"end":{"line":64,"column":31}},"38":{"start":{"line":64,"column":31},"end":{"line":64,"column":43}},"39":{"start":{"line":64,"column":43},"end":{"line":64,"column":null}},"40":{"start":{"line":1,"column":0},"end":{"line":3,"column":59}},"41":{"start":{"line":3,"column":59},"end":{"line":3,"column":69}},"42":{"start":{"line":3,"column":69},"end":{"line":3,"column":81}},"43":{"start":{"line":3,"column":81},"end":{"line":3,"column":90}},"44":{"start":{"line":3,"column":90},"end":{"line":3,"column":null}},"45":{"start":{"line":4,"column":4},"end":{"line":4,"column":8}},"46":{"start":{"line":4,"column":8},"end":{"line":4,"column":22}},"47":{"start":{"line":4,"column":22},"end":{"line":4,"column":null}},"48":{"start":{"line":5,"column":4},"end":{"line":5,"column":7}},"49":{"start":{"line":5,"column":7},"end":{"line":5,"column":53}},"50":{"start":{"line":5,"column":53},"end":{"line":5,"column":null}},"51":{"start":{"line":8,"column":2},"end":{"line":8,"column":null}},"52":{"start":{"line":9,"column":29},"end":{"line":9,"column":null}},"53":{"start":{"line":9,"column":29},"end":{"line":9,"column":49}},"54":{"start":{"line":10,"column":6},"end":{"line":10,"column":null}},"55":{"start":{"line":11,"column":19},"end":{"line":11,"column":27}},"56":{"start":{"line":11,"column":27},"end":{"line":11,"column":null}},"57":{"start":{"line":12,"column":8},"end":{"line":12,"column":24}},"58":{"start":{"line":12,"column":24},"end":{"line":12,"column":null}},"59":{"start":{"line":13,"column":8},"end":{"line":13,"column":null}},"60":{"start":{"line":16,"column":6},"end":{"line":16,"column":null}},"61":{"start":{"line":18,"column":6},"end":{"line":18,"column":null}},"62":{"start":{"line":19,"column":19},"end":{"line":19,"column":40}},"63":{"start":{"line":19,"column":40},"end":{"line":19,"column":null}},"64":{"start":{"line":20,"column":8},"end":{"line":20,"column":24}},"65":{"start":{"line":20,"column":24},"end":{"line":20,"column":null}},"66":{"start":{"line":21,"column":8},"end":{"line":21,"column":18}},"67":{"start":{"line":21,"column":18},"end":{"line":21,"column":47}},"68":{"start":{"line":21,"column":47},"end":{"line":21,"column":null}},"69":{"start":{"line":22,"column":8},"end":{"line":22,"column":null}},"70":{"start":{"line":25,"column":6},"end":{"line":25,"column":null}},"71":{"start":{"line":27,"column":6},"end":{"line":27,"column":null}},"72":{"start":{"line":28,"column":19},"end":{"line":28,"column":32}},"73":{"start":{"line":28,"column":32},"end":{"line":28,"column":null}},"74":{"start":{"line":29,"column":8},"end":{"line":29,"column":20}},"75":{"start":{"line":30,"column":10},"end":{"line":30,"column":null}},"76":{"start":{"line":33,"column":8},"end":{"line":33,"column":null}},"77":{"start":{"line":29,"column":20},"end":{"line":29,"column":null}},"78":{"start":{"line":34,"column":6},"end":{"line":34,"column":null}},"79":{"start":{"line":36,"column":6},"end":{"line":36,"column":null}},"80":{"start":{"line":37,"column":34},"end":{"line":37,"column":61}},"81":{"start":{"line":37,"column":61},"end":{"line":37,"column":null}},"82":{"start":{"line":38,"column":8},"end":{"line":38,"column":31}},"83":{"start":{"line":38,"column":31},"end":{"line":38,"column":102}},"84":{"start":{"line":38,"column":102},"end":{"line":38,"column":null}},"85":{"start":{"line":39,"column":8},"end":{"line":39,"column":31}},"86":{"start":{"line":40,"column":13},"end":{"line":41,"column":null}},"87":{"start":{"line":40,"column":13},"end":{"line":40,"column":43}},"88":{"start":{"line":40,"column":44},"end":{"line":40,"column":79}},"89":{"start":{"line":40,"column":80},"end":{"line":41,"column":35}},"90":{"start":{"line":41,"column":36},"end":{"line":41,"column":46}},"91":{"start":{"line":41,"column":36},"end":{"line":41,"column":null}},"92":{"start":{"line":42,"column":10},"end":{"line":42,"column":53}},"93":{"start":{"line":42,"column":53},"end":{"line":42,"column":null}},"94":{"start":{"line":42,"column":53},"end":{"line":42,"column":83}},"95":{"start":{"line":43,"column":10},"end":{"line":43,"column":null}},"96":{"start":{"line":52,"column":8},"end":{"line":52,"column":null}},"97":{"start":{"line":53,"column":8},"end":{"line":53,"column":null}},"98":{"start":{"line":58,"column":6},"end":{"line":58,"column":null}},"99":{"start":{"line":60,"column":6},"end":{"line":60,"column":null}},"100":{"start":{"line":61,"column":92},"end":{"line":61,"column":98}},"101":{"start":{"line":61,"column":98},"end":{"line":61,"column":null}},"102":{"start":{"line":62,"column":8},"end":{"line":62,"column":68}},"103":{"start":{"line":63,"column":10},"end":{"line":63,"column":28}},"104":{"start":{"line":65,"column":8},"end":{"line":68,"column":null}},"105":{"start":{"line":9,"column":10},"end":{"line":9,"column":29}},"106":{"start":{"line":39,"column":31},"end":{"line":39,"column":64}},"107":{"start":{"line":39,"column":31},"end":{"line":39,"column":null}},"108":{"start":{"line":43,"column":10},"end":{"line":43,"column":32}},"109":{"start":{"line":62,"column":68},"end":{"line":62,"column":null}},"110":{"start":{"line":63,"column":10},"end":{"line":63,"column":27}}},"fnMap":{"0":{"name":"CreateBotComponent_Template_form_ngSubmit_11_listener","decl":{"start":{"line":9,"column":29},"end":{"line":9,"column":41}},"loc":{"start":{"line":9,"column":29},"end":{"line":9,"column":null}},"line":9},"1":{"name":"CreateBotComponent_Template_div_dragover_35_listener","decl":{"start":{"line":40,"column":13},"end":{"line":40,"column":25}},"loc":{"start":{"line":40,"column":13},"end":{"line":40,"column":44}},"line":40},"2":{"name":"CreateBotComponent_Template_div_dragleave_35_listener","decl":{"start":{"line":40,"column":44},"end":{"line":40,"column":58}},"loc":{"start":{"line":40,"column":44},"end":{"line":40,"column":80}},"line":40},"3":{"name":"CreateBotComponent_Template_div_drop_35_listener","decl":{"start":{"line":40,"column":80},"end":{"line":40,"column":null}},"loc":{"start":{"line":40,"column":80},"end":{"line":41,"column":36}},"line":40},"4":{"name":"CreateBotComponent_Template_div_click_35_listener","decl":{"start":{"line":41,"column":36},"end":{"line":41,"column":46}},"loc":{"start":{"line":41,"column":36},"end":{"line":41,"column":null}},"line":41},"5":{"name":"CreateBotComponent_Template_input_change_36_listener","decl":{"start":{"line":42,"column":53},"end":{"line":42,"column":63}},"loc":{"start":{"line":42,"column":53},"end":{"line":42,"column":null}},"line":42}},"branchMap":{"0":{"loc":{"start":{"line":13,"column":8},"end":{"line":13,"column":null}},"type":"cond-expr","locations":[{"start":{"line":13,"column":8},"end":{"line":13,"column":null}},{"start":{"line":13,"column":8},"end":{"line":13,"column":null}}],"line":13},"1":{"loc":{"start":{"line":22,"column":8},"end":{"line":22,"column":null}},"type":"cond-expr","locations":[{"start":{"line":22,"column":8},"end":{"line":22,"column":null}},{"start":{"line":22,"column":8},"end":{"line":22,"column":null}}],"line":22},"2":{"loc":{"start":{"line":43,"column":10},"end":{"line":43,"column":32}},"type":"cond-expr","locations":[{"start":{"line":43,"column":10},"end":{"line":43,"column":32}},{"start":{"line":43,"column":10},"end":{"line":43,"column":32}}],"line":43},"3":{"loc":{"start":{"line":53,"column":8},"end":{"line":53,"column":null}},"type":"cond-expr","locations":[{"start":{"line":53,"column":8},"end":{"line":53,"column":null}},{"start":{"line":53,"column":8},"end":{"line":53,"column":null}}],"line":53},"4":{"loc":{"start":{"line":62,"column":68},"end":{"line":62,"column":null}},"type":"binary-expr","locations":[{"start":{"line":62,"column":68},"end":{"line":62,"column":null}},{"start":{"line":62,"column":68},"end":{"line":62,"column":null}},{"start":{"line":62,"column":68},"end":{"line":62,"column":null}}],"line":62},"5":{"loc":{"start":{"line":63,"column":10},"end":{"line":63,"column":27}},"type":"cond-expr","locations":[{"start":{"line":63,"column":10},"end":{"line":63,"column":27}},{"start":{"line":63,"column":10},"end":{"line":63,"column":27}}],"line":63}},"s":{"0":0,"1":0,"2":0,"3":0,"4":0,"5":0,"6":84,"7":84,"8":84,"9":84,"10":0,"11":0,"12":0,"13":0,"14":0,"15":0,"16":0,"17":0,"18":0,"19":12,"20":12,"21":12,"22":12,"23":12,"24":12,"25":12,"26":12,"27":12,"28":12,"29":12,"30":0,"31":0,"32":0,"33":0,"34":0,"35":0,"36":12,"37":12,"38":12,"39":12,"40":12,"41":12,"42":12,"43":12,"44":12,"45":12,"46":12,"47":12,"48":12,"49":12,"50":12,"51":12,"52":12,"53":0,"54":12,"55":12,"56":12,"57":12,"58":12,"59":12,"60":12,"61":12,"62":12,"63":12,"64":12,"65":12,"66":12,"67":12,"68":12,"69":12,"70":12,"71":12,"72":12,"73":12,"74":12,"75":12,"76":12,"77":12,"78":12,"79":12,"80":12,"81":12,"82":12,"83":12,"84":12,"85":12,"86":12,"87":0,"88":0,"89":0,"90":0,"91":0,"92":12,"93":12,"94":0,"95":12,"96":12,"97":12,"98":12,"99":12,"100":12,"101":12,"102":12,"103":12,"104":12,"105":12,"106":12,"107":12,"108":12,"109":12,"110":12},"f":{"0":0,"1":0,"2":0,"3":0,"4":0,"5":0},"b":{"0":[12,24],"1":[12,24],"2":[0,12],"3":[0,12],"4":[12,12,0],"5":[0,12]},"meta":{"lastBranch":6,"lastFunction":6,"lastStatement":111,"seen":{"s:14:10:14:21":0,"s:14:21:14:52":1,"s:14:52:14:Infinity":2,"s:23:10:23:21":3,"s:23:21:23:43":4,"s:23:43:23:Infinity":5,"s:31:12:31:24":6,"s:31:44:31:60":7,"s:31:60:31:Infinity":8,"s:31:24:31:44":9,"s:44:12:44:38":10,"s:44:38:44:50":11,"s:44:50:44:Infinity":12,"s:45:12:45:36":13,"s:45:36:45:62":14,"s:45:62:45:Infinity":15,"s:46:12:46:36":16,"s:46:36:46:85":17,"s:46:85:46:Infinity":18,"s:48:12:48:42":19,"s:48:42:48:53":20,"s:48:53:48:Infinity":21,"s:49:12:49:18":22,"s:49:18:49:41":23,"s:49:41:49:49":24,"s:49:49:49:64":25,"s:49:64:49:Infinity":26,"s:50:12:50:37":27,"s:50:37:50:57":28,"s:50:57:50:Infinity":29,"s:54:10:54:Infinity":30,"s:55:22:55:35":31,"s:55:35:55:46":32,"s:55:46:55:Infinity":33,"s:56:10:56:Infinity":34,"s:63:28:63:Infinity":35,"s:64:18:64:28":36,"s:64:28:64:31":37,"s:64:31:64:43":38,"s:64:43:64:Infinity":39,"s:1:0:3:59":40,"s:3:59:3:69":41,"s:3:69:3:81":42,"s:3:81:3:90":43,"s:3:90:3:Infinity":44,"s:4:4:4:8":45,"s:4:8:4:22":46,"s:4:22:4:Infinity":47,"s:5:4:5:7":48,"s:5:7:5:53":49,"s:5:53:5:Infinity":50,"s:8:2:8:Infinity":51,"s:9:29:9:Infinity":52,"f:9:29:9:41":0,"s:9:29:9:49":53,"s:10:6:10:Infinity":54,"s:11:19:11:27":55,"s:11:27:11:Infinity":56,"s:12:8:12:24":57,"s:12:24:12:Infinity":58,"s:13:8:13:Infinity":59,"s:16:6:16:Infinity":60,"s:18:6:18:Infinity":61,"s:19:19:19:40":62,"s:19:40:19:Infinity":63,"s:20:8:20:24":64,"s:20:24:20:Infinity":65,"s:21:8:21:18":66,"s:21:18:21:47":67,"s:21:47:21:Infinity":68,"s:22:8:22:Infinity":69,"s:25:6:25:Infinity":70,"s:27:6:27:Infinity":71,"s:28:19:28:32":72,"s:28:32:28:Infinity":73,"s:29:8:29:20":74,"s:30:10:30:Infinity":75,"s:33:8:33:Infinity":76,"s:29:20:29:Infinity":77,"s:34:6:34:Infinity":78,"s:36:6:36:Infinity":79,"s:37:34:37:61":80,"s:37:61:37:Infinity":81,"s:38:8:38:31":82,"s:38:31:38:102":83,"s:38:102:38:Infinity":84,"s:39:8:39:31":85,"s:40:13:41:Infinity":86,"f:40:13:40:25":1,"s:40:13:40:43":87,"f:40:44:40:58":2,"s:40:44:40:79":88,"f:40:80:40:Infinity":3,"s:40:80:41:35":89,"f:41:36:41:46":4,"s:41:36:41:46":90,"s:41:36:41:Infinity":91,"s:42:10:42:53":92,"s:42:53:42:Infinity":93,"f:42:53:42:63":5,"s:42:53:42:83":94,"s:43:10:43:Infinity":95,"s:52:8:52:Infinity":96,"s:53:8:53:Infinity":97,"s:58:6:58:Infinity":98,"s:60:6:60:Infinity":99,"s:61:92:61:98":100,"s:61:98:61:Infinity":101,"s:62:8:62:68":102,"s:63:10:63:28":103,"s:65:8:68:Infinity":104,"s:9:10:9:29":105,"b:13:8:13:Infinity:13:8:13:Infinity":0,"b:22:8:22:Infinity:22:8:22:Infinity":1,"s:39:31:39:64":106,"s:39:31:39:Infinity":107,"s:43:10:43:32":108,"b:43:10:43:32:43:10:43:32":2,"b:53:8:53:Infinity:53:8:53:Infinity":3,"s:62:68:62:Infinity":109,"b:62:68:62:Infinity:62:68:62:Infinity:62:68:62:Infinity":4,"s:63:10:63:27":110,"b:63:10:63:27:63:10:63:27":5},"fnNames":{}}}
[...]
,"C:\\Users\\intel\\Projects\\Bot-Management-System-main\\ng22-frontend\\src\\app\\services\\chat-signalr.service.ts": {"path":"C:\\Users\\intel\\Projects\\Bot-Management-System-main\\ng22-frontend\\src\\app\\services\\chat-signalr.service.ts","statementMap":{"0":{"start":{"line":1,"column":0},"end":{"line":8,"column":null}},"1":{"start":{"line":6,"column":0},"end":{"line":6,"column":null}},"2":{"start":{"line":9,"column":13},"end":{"line":8,"column":34}},"3":{"start":{"line":17,"column":22},"end":{"line":17,"column":39}},"4":{"start":{"line":10,"column":10},"end":{"line":10,"column":null}},"5":{"start":{"line":12,"column":11},"end":{"line":12,"column":null}},"6":{"start":{"line":13,"column":11},"end":{"line":13,"column":null}},"7":{"start":{"line":14,"column":11},"end":{"line":14,"column":null}},"8":{"start":{"line":15,"column":11},"end":{"line":15,"column":null}},"9":{"start":{"line":20,"column":4},"end":{"line":20,"column":null}},"10":{"start":{"line":20,"column":66},"end":{"line":20,"column":null}},"11":{"start":{"line":22,"column":18},"end":{"line":22,"column":null}},"12":{"start":{"line":23,"column":4},"end":{"line":23,"column":null}},"13":{"start":{"line":23,"column":16},"end":{"line":23,"column":null}},"14":{"start":{"line":25,"column":4},"end":{"line":32,"column":null}},"15":{"start":{"line":27,"column":34},"end":{"line":27,"column":null}},"16":{"start":{"line":34,"column":4},"end":{"line":34,"column":null}},"17":{"start":{"line":35,"column":4},"end":{"line":35,"column":null}},"18":{"start":{"line":36,"column":4},"end":{"line":36,"column":null}},"19":{"start":{"line":37,"column":4},"end":{"line":37,"column":null}},"20":{"start":{"line":41,"column":4},"end":{"line":41,"column":null}},"21":{"start":{"line":42,"column":4},"end":{"line":42,"column":null}},"22":{"start":{"line":43,"column":4},"end":{"line":43,"column":null}},"23":{"start":{"line":47,"column":4},"end":{"line":47,"column":null}},"24":{"start":{"line":48,"column":4},"end":{"line":48,"column":null}},"25":{"start":{"line":52,"column":4},"end":{"line":54,"column":null}},"26":{"start":{"line":53,"column":6},"end":{"line":53,"column":null}},"27":{"start":{"line":58,"column":4},"end":{"line":61,"column":null}},"28":{"start":{"line":59,"column":6},"end":{"line":59,"column":null}},"29":{"start":{"line":60,"column":6},"end":{"line":60,"column":null}},"30":{"start":{"line":62,"column":4},"end":{"line":62,"column":null}},"31":{"start":{"line":63,"column":4},"end":{"line":63,"column":null}},"32":{"start":{"line":67,"column":4},"end":{"line":67,"column":null}},"33":{"start":{"line":71,"column":4},"end":{"line":71,"column":null}},"34":{"start":{"line":71,"column":19},"end":{"line":71,"column":null}},"35":{"start":{"line":73,"column":4},"end":{"line":75,"column":null}},"36":{"start":{"line":74,"column":6},"end":{"line":74,"column":null}},"37":{"start":{"line":77,"column":4},"end":{"line":85,"column":null}},"38":{"start":{"line":78,"column":22},"end":{"line":78,"column":null}},"39":{"start":{"line":79,"column":6},"end":{"line":84,"column":null}},"40":{"start":{"line":87,"column":4},"end":{"line":89,"column":null}},"41":{"start":{"line":88,"column":6},"end":{"line":88,"column":null}},"42":{"start":{"line":91,"column":4},"end":{"line":93,"column":null}},"43":{"start":{"line":92,"column":6},"end":{"line":92,"column":null}},"44":{"start":{"line":95,"column":4},"end":{"line":97,"column":null}},"45":{"start":{"line":96,"column":6},"end":{"line":96,"column":null}},"46":{"start":{"line":99,"column":4},"end":{"line":99,"column":null}},"47":{"start":{"line":99,"column":34},"end":{"line":99,"column":74}},"48":{"start":{"line":100,"column":4},"end":{"line":100,"column":null}},"49":{"start":{"line":100,"column":33},"end":{"line":100,"column":70}},"50":{"start":{"line":101,"column":4},"end":{"line":101,"column":null}},"51":{"start":{"line":101,"column":27},"end":{"line":101,"column":67}},"52":{"start":{"line":105,"column":4},"end":{"line":107,"column":null}},"53":{"start":{"line":106,"column":6},"end":{"line":106,"column":null}},"54":{"start":{"line":9,"column":13},"end":{"line":9,"column":null}},"55":{"start":{"line":9,"column":13},"end":{"line":8,"column":null}}},"fnMap":{"0":{"name":"constructor","decl":{"start":{"line":17,"column":2},"end":{"line":17,"column":22}},"loc":{"start":{"line":17,"column":39},"end":{"line":17,"column":null}},"line":17},"1":{"name":"connect","decl":{"start":{"line":19,"column":8},"end":{"line":19,"column":15}},"loc":{"start":{"line":19,"column":15},"end":{"line":38,"column":null}},"line":19},"2":{"name":"(anonymous_2)","decl":{"start":{"line":27,"column":28},"end":{"line":27,"column":34}},"loc":{"start":{"line":27,"column":34},"end":{"line":27,"column":null}},"line":27},"3":{"name":"connectBot","decl":{"start":{"line":40,"column":8},"end":{"line":40,"column":19}},"loc":{"start":{"line":40,"column":32},"end":{"line":44,"column":null}},"line":40},"4":{"name":"sendMessage","decl":{"start":{"line":46,"column":8},"end":{"line":46,"column":20}},"loc":{"start":{"line":46,"column":35},"end":{"line":49,"column":null}},"line":46},"5":{"name":"disconnectBot","decl":{"start":{"line":51,"column":8},"end":{"line":51,"column":21}},"loc":{"start":{"line":51,"column":21},"end":{"line":55,"column":null}},"line":51},"6":{"name":"disconnect","decl":{"start":{"line":57,"column":8},"end":{"line":57,"column":18}},"loc":{"start":{"line":57,"column":18},"end":{"line":64,"column":null}},"line":57},"7":{"name":"clearMessages","decl":{"start":{"line":66,"column":2},"end":{"line":66,"column":15}},"loc":{"start":{"line":66,"column":15},"end":{"line":68,"column":null}},"line":66},"8":{"name":"registerHandlers","decl":{"start":{"line":70,"column":10},"end":{"line":70,"column":26}},"loc":{"start":{"line":70,"column":26},"end":{"line":102,"column":null}},"line":70},"9":{"name":"(anonymous_9)","decl":{"start":{"line":73,"column":32},"end":{"line":73,"column":33}},"loc":{"start":{"line":73,"column":75},"end":{"line":75,"column":5}},"line":73},"10":{"name":"(anonymous_10)","decl":{"start":{"line":77,"column":35},"end":{"line":77,"column":36}},"loc":{"start":{"line":77,"column":59},"end":{"line":85,"column":5}},"line":77},"11":{"name":"(anonymous_11)","decl":{"start":{"line":87,"column":29},"end":{"line":87,"column":30}},"loc":{"start":{"line":87,"column":49},"end":{"line":89,"column":5}},"line":87},"12":{"name":"(anonymous_12)","decl":{"start":{"line":91,"column":25},"end":{"line":91,"column":26}},"loc":{"start":{"line":91,"column":43},"end":{"line":93,"column":5}},"line":91},"13":{"name":"(anonymous_13)","decl":{"start":{"line":95,"column":35},"end":{"line":95,"column":40}},"loc":{"start":{"line":95,"column":40},"end":{"line":97,"column":5}},"line":95},"14":{"name":"(anonymous_14)","decl":{"start":{"line":99,"column":28},"end":{"line":99,"column":34}},"loc":{"start":{"line":99,"column":34},"end":{"line":99,"column":74}},"line":99},"15":{"name":"(anonymous_15)","decl":{"start":{"line":100,"column":27},"end":{"line":100,"column":33}},"loc":{"start":{"line":100,"column":33},"end":{"line":100,"column":70}},"line":100},"16":{"name":"(anonymous_16)","decl":{"start":{"line":101,"column":21},"end":{"line":101,"column":27}},"loc":{"start":{"line":101,"column":27},"end":{"line":101,"column":67}},"line":101},"17":{"name":"ensureConnected","decl":{"start":{"line":104,"column":16},"end":{"line":104,"column":31}},"loc":{"start":{"line":104,"column":31},"end":{"line":108,"column":null}},"line":104}},"branchMap":{"0":{"loc":{"start":{"line":20,"column":4},"end":{"line":20,"column":null}},"type":"if","locations":[{"start":{"line":20,"column":4},"end":{"line":20,"column":null}},{"start":{},"end":{}}],"line":20},"1":{"loc":{"start":{"line":23,"column":4},"end":{"line":23,"column":null}},"type":"if","locations":[{"start":{"line":23,"column":4},"end":{"line":23,"column":null}},{"start":{},"end":{}}],"line":23},"2":{"loc":{"start":{"line":52,"column":4},"end":{"line":54,"column":null}},"type":"if","locations":[{"start":{"line":52,"column":4},"end":{"line":54,"column":null}},{"start":{},"end":{}}],"line":52},"3":{"loc":{"start":{"line":58,"column":4},"end":{"line":61,"column":null}},"type":"if","locations":[{"start":{"line":58,"column":4},"end":{"line":61,"column":null}},{"start":{},"end":{}}],"line":58},"4":{"loc":{"start":{"line":71,"column":4},"end":{"line":71,"column":null}},"type":"if","locations":[{"start":{"line":71,"column":4},"end":{"line":71,"column":null}},{"start":{},"end":{}}],"line":71},"5":{"loc":{"start":{"line":74,"column":26},"end":{"line":74,"column":39}},"type":"binary-expr","locations":[{"start":{"line":74,"column":26},"end":{"line":74,"column":37}},{"start":{"line":74,"column":37},"end":{"line":74,"column":39}}],"line":74},"6":{"loc":{"start":{"line":105,"column":4},"end":{"line":107,"column":null}},"type":"if","locations":[{"start":{"line":105,"column":4},"end":{"line":107,"column":null}},{"start":{},"end":{}}],"line":105},"7":{"loc":{"start":{"line":9,"column":13},"end":{"line":9,"column":31}},"type":"binary-expr","locations":[{"start":{"line":9,"column":13},"end":{"line":9,"column":31}},{"start":{"line":9,"column":13},"end":{"line":9,"column":31}}],"line":9},"8":{"loc":{"start":{"line":9,"column":13},"end":{"line":8,"column":null}},"type":"binary-expr","locations":[{"start":{"line":9,"column":13},"end":{"line":9,"column":31}},{"start":{"line":9,"column":13},"end":{"line":9,"column":31}},{"start":{"line":9,"column":13},"end":{"line":8,"column":null}}],"line":9}},"s":{"0":2,"1":2,"2":2,"3":0,"4":0,"5":0,"6":0,"7":0,"8":0,"9":0,"10":0,"11":0,"12":0,"13":0,"14":0,"15":0,"16":0,"17":0,"18":0,"19":0,"20":0,"21":0,"22":0,"23":0,"24":0,"25":0,"26":0,"27":0,"28":0,"29":0,"30":0,"31":0,"32":0,"33":0,"34":0,"35":0,"36":0,"37":0,"38":0,"39":0,"40":0,"41":0,"42":0,"43":0,"44":0,"45":0,"46":0,"47":0,"48":0,"49":0,"50":0,"51":0,"52":0,"53":0,"54":0,"55":2},"f":{"0":0,"1":0,"2":0,"3":0,"4":0,"5":0,"6":0,"7":0,"8":0,"9":0,"10":0,"11":0,"12":0,"13":0,"14":0,"15":0,"16":0,"17":0},"b":{"0":[0,0],"1":[0,0],"2":[0,0],"3":[0,0],"4":[0,0],"5":[0,0],"6":[0,0],"7":[0,0],"8":[2,2,2]},"meta":{"lastBranch":9,"lastFunction":18,"lastStatement":56,"seen":{"s:1:0:8:Infinity":0,"s:6:0:6:Infinity":1,"s:9:13:8:34":2,"f:17:2:17:22":0,"s:17:22:17:39":3,"s:10:10:10:Infinity":4,"s:12:11:12:Infinity":5,"s:13:11:13:Infinity":6,"s:14:11:14:Infinity":7,"s:15:11:15:Infinity":8,"f:19:8:19:15":1,"b:20:4:20:Infinity:undefined:undefined:undefined:undefined":0,"s:20:4:20:Infinity":9,"s:20:66:20:Infinity":10,"s:22:18:22:Infinity":11,"b:23:4:23:Infinity:undefined:undefined:undefined:undefined":1,"s:23:4:23:Infinity":12,"s:23:16:23:Infinity":13,"s:25:4:32:Infinity":14,"f:27:28:27:34":2,"s:27:34:27:Infinity":15,"s:34:4:34:Infinity":16,"s:35:4:35:Infinity":17,"s:36:4:36:Infinity":18,"s:37:4:37:Infinity":19,"f:40:8:40:19":3,"s:41:4:41:Infinity":20,"s:42:4:42:Infinity":21,"s:43:4:43:Infinity":22,"f:46:8:46:20":4,"s:47:4:47:Infinity":23,"s:48:4:48:Infinity":24,"f:51:8:51:21":5,"b:52:4:54:Infinity:undefined:undefined:undefined:undefined":2,"s:52:4:54:Infinity":25,"s:53:6:53:Infinity":26,"f:57:8:57:18":6,"b:58:4:61:Infinity:undefined:undefined:undefined:undefined":3,"s:58:4:61:Infinity":27,"s:59:6:59:Infinity":28,"s:60:6:60:Infinity":29,"s:62:4:62:Infinity":30,"s:63:4:63:Infinity":31,"f:66:2:66:15":7,"s:67:4:67:Infinity":32,"f:70:10:70:26":8,"b:71:4:71:Infinity:undefined:undefined:undefined:undefined":4,"s:71:4:71:Infinity":33,"s:71:19:71:Infinity":34,"s:73:4:75:Infinity":35,"f:73:32:73:33":9,"s:74:6:74:Infinity":36,"b:74:26:74:37:74:37:74:39":5,"s:77:4:85:Infinity":37,"f:77:35:77:36":10,"s:78:22:78:Infinity":38,"s:79:6:84:Infinity":39,"s:87:4:89:Infinity":40,"f:87:29:87:30":11,"s:88:6:88:Infinity":41,"s:91:4:93:Infinity":42,"f:91:25:91:26":12,"s:92:6:92:Infinity":43,"s:95:4:97:Infinity":44,"f:95:35:95:40":13,"s:96:6:96:Infinity":45,"s:99:4:99:Infinity":46,"f:99:28:99:34":14,"s:99:34:99:74":47,"s:100:4:100:Infinity":48,"f:100:27:100:33":15,"s:100:33:100:70":49,"s:101:4:101:Infinity":50,"f:101:21:101:27":16,"s:101:27:101:67":51,"f:104:16:104:31":17,"b:105:4:107:Infinity:undefined:undefined:undefined:undefined":6,"s:105:4:107:Infinity":52,"s:106:6:106:Infinity":53,"s:9:13:9:Infinity":54,"b:9:13:9:31:9:13:9:31":7,"s:9:13:8:Infinity":55,"b:9:13:9:31:9:13:9:31:9:13:8:Infinity":8},"fnNames":{}}}
,"C:\\Users\\intel\\Projects\\Bot-Management-System-main\\ng22-frontend\\src\\app\\services\\dashboard.service.ts": {"path":"C:\\Users\\intel\\Projects\\Bot-Management-System-main\\ng22-frontend\\src\\app\\services\\dashboard.service.ts","statementMap":{"0":{"start":{"line":1,"column":0},"end":{"line":7,"column":null}},"1":{"start":{"line":5,"column":0},"end":{"line":5,"column":null}},"2":{"start":{"line":8,"column":13},"end":{"line":7,"column":34}},"3":{"start":{"line":9,"column":22},"end":{"line":9,"column":38}},"4":{"start":{"line":12,"column":4},"end":{"line":12,"column":null}},"5":{"start":{"line":8,"column":13},"end":{"line":8,"column":null}},"6":{"start":{"line":8,"column":13},"end":{"line":7,"column":null}}},"fnMap":{"0":{"name":"constructor","decl":{"start":{"line":9,"column":2},"end":{"line":9,"column":22}},"loc":{"start":{"line":9,"column":38},"end":{"line":9,"column":null}},"line":9},"1":{"name":"getStats","decl":{"start":{"line":11,"column":2},"end":{"line":11,"column":10}},"loc":{"start":{"line":11,"column":10},"end":{"line":13,"column":null}},"line":11}},"branchMap":{"0":{"loc":{"start":{"line":8,"column":13},"end":{"line":8,"column":29}},"type":"binary-expr","locations":[{"start":{"line":8,"column":13},"end":{"line":8,"column":29}},{"start":{"line":8,"column":13},"end":{"line":8,"column":29}}],"line":8},"1":{"loc":{"start":{"line":8,"column":13},"end":{"line":7,"column":null}},"type":"binary-expr","locations":[{"start":{"line":8,"column":13},"end":{"line":8,"column":29}},{"start":{"line":8,"column":13},"end":{"line":8,"column":29}},{"start":{"line":8,"column":13},"end":{"line":7,"column":null}}],"line":8}},"s":{"0":2,"1":2,"2":2,"3":2,"4":1,"5":2,"6":2},"f":{"0":2,"1":1},"b":{"0":[2,2],"1":[2,2,2]},"meta":{"lastBranch":2,"lastFunction":2,"lastStatement":7,"seen":{"s:1:0:7:Infinity":0,"s:5:0:5:Infinity":1,"s:8:13:7:34":2,"f:9:2:9:22":0,"s:9:22:9:38":3,"f:11:2:11:10":1,"s:12:4:12:Infinity":4,"s:8:13:8:Infinity":5,"b:8:13:8:29:8:13:8:29":0,"s:8:13:7:Infinity":6,"b:8:13:8:29:8:13:8:29:8:13:7:Infinity":1},"fnNames":{}}}
,"C:\\Users\\intel\\Projects\\Bot-Management-System-main\\ng22-frontend\\src\\app\\services\\notification.service.ts": {"path":"C:\\Users\\intel\\Projects\\Bot-Management-System-main\\ng22-frontend\\src\\app\\services\\notification.service.ts","statementMap":{"0":{"start":{"line":1,"column":0},"end":{"line":4,"column":null}},"1":{"start":{"line":5,"column":13},"end":{"line":4,"column":34}},"2":{"start":{"line":6,"column":22},"end":{"line":6,"column":43}},"3":{"start":{"line":9,"column":4},"end":{"line":14,"column":null}},"4":{"start":{"line":18,"column":4},"end":{"line":23,"column":null}},"5":{"start":{"line":27,"column":4},"end":{"line":32,"column":null}},"6":{"start":{"line":5,"column":13},"end":{"line":5,"column":null}},"7":{"start":{"line":5,"column":13},"end":{"line":4,"column":null}}},"fnMap":{"0":{"name":"constructor","decl":{"start":{"line":6,"column":2},"end":{"line":6,"column":22}},"loc":{"start":{"line":6,"column":43},"end":{"line":6,"column":null}},"line":6},"1":{"name":"success","decl":{"start":{"line":8,"column":2},"end":{"line":8,"column":10}},"loc":{"start":{"line":8,"column":42},"end":{"line":15,"column":null}},"line":8},"2":{"name":"error","decl":{"start":{"line":17,"column":2},"end":{"line":17,"column":8}},"loc":{"start":{"line":17,"column":40},"end":{"line":24,"column":null}},"line":17},"3":{"name":"info","decl":{"start":{"line":26,"column":2},"end":{"line":26,"column":7}},"loc":{"start":{"line":26,"column":39},"end":{"line":33,"column":null}},"line":26}},"branchMap":{"0":{"loc":{"start":{"line":8,"column":27},"end":{"line":8,"column":42}},"type":"default-arg","locations":[{"start":{"line":8,"column":38},"end":{"line":8,"column":42}}],"line":8},"1":{"loc":{"start":{"line":17,"column":25},"end":{"line":17,"column":40}},"type":"default-arg","locations":[{"start":{"line":17,"column":36},"end":{"line":17,"column":40}}],"line":17},"2":{"loc":{"start":{"line":26,"column":24},"end":{"line":26,"column":39}},"type":"default-arg","locations":[{"start":{"line":26,"column":35},"end":{"line":26,"column":39}}],"line":26},"3":{"loc":{"start":{"line":5,"column":13},"end":{"line":5,"column":32}},"type":"binary-expr","locations":[{"start":{"line":5,"column":13},"end":{"line":5,"column":32}},{"start":{"line":5,"column":13},"end":{"line":5,"column":32}}],"line":5},"4":{"loc":{"start":{"line":5,"column":13},"end":{"line":4,"column":null}},"type":"binary-expr","locations":[{"start":{"line":5,"column":13},"end":{"line":5,"column":32}},{"start":{"line":5,"column":13},"end":{"line":5,"column":32}},{"start":{"line":5,"column":13},"end":{"line":4,"column":null}}],"line":5}},"s":{"0":7,"1":7,"2":0,"3":0,"4":0,"5":0,"6":0,"7":7},"f":{"0":0,"1":0,"2":0,"3":0},"b":{"0":[0],"1":[0],"2":[0],"3":[0,0],"4":[7,7,7]},"meta":{"lastBranch":5,"lastFunction":4,"lastStatement":8,"seen":{"s:1:0:4:Infinity":0,"s:5:13:4:34":1,"f:6:2:6:22":0,"s:6:22:6:43":2,"f:8:2:8:10":1,"b:8:38:8:42":0,"s:9:4:14:Infinity":3,"f:17:2:17:8":2,"b:17:36:17:40":1,"s:18:4:23:Infinity":4,"f:26:2:26:7":3,"b:26:35:26:39":2,"s:27:4:32:Infinity":5,"s:5:13:5:Infinity":6,"b:5:13:5:32:5:13:5:32":3,"s:5:13:4:Infinity":7,"b:5:13:5:32:5:13:5:32:5:13:4:Infinity":4},"fnNames":{}}}
,"C:\\Users\\intel\\Projects\\Bot-Management-System-main\\ng22-frontend\\src\\environments\\environment.ts": {"path":"C:\\Users\\intel\\Projects\\Bot-Management-System-main\\ng22-frontend\\src\\environments\\environment.ts","statementMap":{"0":{"start":{"line":1,"column":0},"end":{"line":4,"column":null}},"1":{"start":{"line":1,"column":13},"end":{"line":4,"column":null}}},"fnMap":{},"branchMap":{},"s":{"0":14,"1":14},"f":{},"b":{},"meta":{"lastBranch":0,"lastFunction":0,"lastStatement":2,"seen":{"s:1:0:4:Infinity":0,"s:1:13:4:Infinity":1},"fnNames":{}}}
}
